[5.969s] Invoking command in '/workspace/ros2_ws/src/p3_pkg': PYTHONPATH=/workspace/ros2_ws/build/p3_pkg/prefix_override:/usr/lib/python3/dist-packages/colcon_core/task/python/colcon_distutils_commands:/workspace/ros2_ws/install/p3_pkg/lib/python3.10/site-packages:${PYTHONPATH} /usr/bin/python3 -W ignore:setup.py install is deprecated -W ignore:easy_install command is deprecated setup.py egg_info --egg-base ../../build/p3_pkg build --build-base /workspace/ros2_ws/build/p3_pkg/build install --record /workspace/ros2_ws/build/p3_pkg/install.log --single-version-externally-managed install_data
[6.643s] running egg_info
[6.644s] writing ../../build/p3_pkg/p3_pkg.egg-info/PKG-INFO
[6.645s] writing dependency_links to ../../build/p3_pkg/p3_pkg.egg-info/dependency_links.txt
[6.646s] writing entry points to ../../build/p3_pkg/p3_pkg.egg-info/entry_points.txt
[6.647s] writing requirements to ../../build/p3_pkg/p3_pkg.egg-info/requires.txt
[6.648s] writing top-level names to ../../build/p3_pkg/p3_pkg.egg-info/top_level.txt
[6.659s] reading manifest file '../../build/p3_pkg/p3_pkg.egg-info/SOURCES.txt'
[6.684s] writing manifest file '../../build/p3_pkg/p3_pkg.egg-info/SOURCES.txt'
[6.686s] running build
[6.687s] running build_py
[6.687s] copying p3_pkg/movimiento.py -> /workspace/ros2_ws/build/p3_pkg/build/lib/p3_pkg
[6.688s] running install
[6.689s] running install_lib
[6.698s] copying /workspace/ros2_ws/build/p3_pkg/build/lib/p3_pkg/movimiento.py -> /workspace/ros2_ws/install/p3_pkg/lib/python3.10/site-packages/p3_pkg
[6.703s] byte-compiling /workspace/ros2_ws/install/p3_pkg/lib/python3.10/site-packages/p3_pkg/movimiento.py to movimiento.cpython-310.pyc
[6.703s] running install_data
[6.704s] running install_egg_info
[6.708s] removing '/workspace/ros2_ws/install/p3_pkg/lib/python3.10/site-packages/p3_pkg-0.0.0-py3.10.egg-info' (and everything under it)
[6.711s] Copying ../../build/p3_pkg/p3_pkg.egg-info to /workspace/ros2_ws/install/p3_pkg/lib/python3.10/site-packages/p3_pkg-0.0.0-py3.10.egg-info
[6.732s] running install_scripts
[6.791s] Installing dibuja_mov script to /workspace/ros2_ws/install/p3_pkg/lib/p3_pkg
[6.792s] Installing movimiento script to /workspace/ros2_ws/install/p3_pkg/lib/p3_pkg
[6.794s] writing list of installed files to '/workspace/ros2_ws/build/p3_pkg/install.log'
[6.871s] Invoked command in '/workspace/ros2_ws/src/p3_pkg' returned '0': PYTHONPATH=/workspace/ros2_ws/build/p3_pkg/prefix_override:/usr/lib/python3/dist-packages/colcon_core/task/python/colcon_distutils_commands:/workspace/ros2_ws/install/p3_pkg/lib/python3.10/site-packages:${PYTHONPATH} /usr/bin/python3 -W ignore:setup.py install is deprecated -W ignore:easy_install command is deprecated setup.py egg_info --egg-base ../../build/p3_pkg build --build-base /workspace/ros2_ws/build/p3_pkg/build install --record /workspace/ros2_ws/build/p3_pkg/install.log --single-version-externally-managed install_data
