[0.416s] Invoking command in '/workspace/ros2_ws/build/turtlebot3_gazebo': CMAKE_PREFIX_PATH=${CMAKE_PREFIX_PATH}:/workspace/ros2_ws/install/turtlebot3_teleop:/workspace/ros2_ws/install/turtlebot3_example:/opt/ros/humble /usr/bin/cmake --build /workspace/ros2_ws/build/turtlebot3_gazebo -- -j6 -l6
[0.558s] -- Found ament_cmake: 1.3.14 (/opt/ros/humble/share/ament_cmake/cmake)
[0.919s] -- Override CMake install command with custom implementation using symlinks instead of copying resources
[1.116s] [33mCMake Warning (dev) at /usr/share/cmake-3.22/Modules/FindPackageHandleStandardArgs.cmake:438 (message):
[1.116s]   The package name passed to `find_package_handle_standard_args` (PkgConfig)
[1.116s]   does not match the name of the calling package (gazebo).  This can lead to
[1.116s]   problems in calling code that expects `find_package` result variables
[1.116s]   (e.g., `_FOUND`) to follow a certain pattern.
[1.117s] Call Stack (most recent call first):
[1.117s]   /usr/share/cmake-3.22/Modules/FindPkgConfig.cmake:99 (find_package_handle_standard_args)
[1.117s]   /usr/lib/x86_64-linux-gnu/cmake/gazebo/gazebo-config.cmake:72 (include)
[1.117s]   CMakeLists.txt:23 (find_package)
[1.117s] This warning is for project developers.  Use -Wno-dev to suppress it.
[1.117s] [0m
[1.274s] -- Found DART: /usr/include (Required is at least version "6.6") found components: dart 
[1.417s] -- Found Protobuf: /usr/lib/x86_64-linux-gnu/libprotobuf.so (found version "3.12.4") 
[1.420s] -- Looking for ignition-math6 -- found version 6.15.1
[1.622s] -- Searching for dependencies of ignition-math6
[1.625s] -- Looking for OGRE...
[1.628s] -- OGRE_PREFIX_WATCH changed.
[1.640s] -- Found Ogre Ghadamon (1.9.0)
[1.704s] -- Found OGRE: optimized;/usr/lib/x86_64-linux-gnu/libOgreMain.so;debug;/usr/lib/x86_64-linux-gnu/libOgreMain.so
[1.741s] -- Looking for OGRE_Paging...
[1.773s] -- Found OGRE_Paging: optimized;/usr/lib/x86_64-linux-gnu/libOgrePaging.so;debug;/usr/lib/x86_64-linux-gnu/libOgrePaging.so
[1.782s] -- Looking for OGRE_Terrain...
[1.794s] -- Found OGRE_Terrain: optimized;/usr/lib/x86_64-linux-gnu/libOgreTerrain.so;debug;/usr/lib/x86_64-linux-gnu/libOgreTerrain.so
[1.794s] -- Looking for OGRE_Property...
[1.794s] -- Found OGRE_Property: optimized;/usr/lib/x86_64-linux-gnu/libOgreProperty.so;debug;/usr/lib/x86_64-linux-gnu/libOgreProperty.so
[1.794s] -- Looking for OGRE_RTShaderSystem...
[1.794s] -- Found OGRE_RTShaderSystem: optimized;/usr/lib/x86_64-linux-gnu/libOgreRTShaderSystem.so;debug;/usr/lib/x86_64-linux-gnu/libOgreRTShaderSystem.so
[1.795s] -- Looking for OGRE_Volume...
[1.818s] -- Found OGRE_Volume: optimized;/usr/lib/x86_64-linux-gnu/libOgreVolume.so;debug;/usr/lib/x86_64-linux-gnu/libOgreVolume.so
[1.818s] -- Looking for OGRE_Overlay...
[1.838s] -- Found OGRE_Overlay: optimized;/usr/lib/x86_64-linux-gnu/libOgreOverlay.so;debug;/usr/lib/x86_64-linux-gnu/libOgreOverlay.so
[2.193s] -- Looking for ignition-math6 -- found version 6.15.1
[2.199s] -- Looking for ignition-transport8 -- found version 8.2.1
[2.204s] -- Searching for dependencies of ignition-transport8
[2.247s] -- Found Protobuf: /usr/lib/x86_64-linux-gnu/libprotobuf.so (found suitable version "3.12.4", minimum required is "3") 
[2.288s] -- Config-file not installed for ZeroMQ -- checking for pkg-config
[2.313s] -- Checking for module 'libzmq >= 4'
[2.373s] --   Found libzmq , version 4.3.4
[2.486s] -- Checking for module 'uuid'
[2.526s] --   Found uuid, version 2.37.2
[2.669s] -- Looking for ignition-msgs5 -- found version 5.8.1
[2.676s] -- Searching for dependencies of ignition-msgs5
[2.730s] -- Looking for ignition-math6 -- found version 6.15.1
[2.740s] -- Checking for module 'tinyxml2'
[2.789s] --   Found tinyxml2, version 9.0.0
[2.910s] -- Looking for ignition-msgs5 -- found version 5.8.1
[2.916s] -- Looking for ignition-common3 -- found version 3.14.0
[2.917s] -- Searching for dependencies of ignition-common3
[2.929s] -- Looking for dlfcn.h - found
[2.929s] -- Looking for libdl - found
[2.964s] -- Searching for <ignition-common3> component [graphics]
[2.965s] -- Looking for ignition-common3-graphics -- found version 3.14.0
[2.966s] -- Searching for dependencies of ignition-common3-graphics
[2.968s] -- Looking for ignition-math6 -- found version 6.15.1
[2.971s] -- Looking for ignition-fuel_tools4 -- found version 4.4.0
[2.973s] -- Searching for dependencies of ignition-fuel_tools4
[3.093s] -- Checking for module 'jsoncpp'
[3.140s] --   Found jsoncpp, version 1.9.5
[3.296s] -- Checking for module 'libzip'
[3.376s] --   Found libzip, version 1.7.3
[3.565s] -- Looking for ignition-common3 -- found version 3.14.0
[3.566s] -- Looking for ignition-math6 -- found version 6.15.1
[3.567s] -- Looking for ignition-msgs5 -- found version 5.8.1
[3.580s] -- Found gazebo_ros_pkgs: 3.9.0 (/opt/ros/humble/share/gazebo_ros_pkgs/cmake)
[3.580s] -- Found geometry_msgs: 4.9.1 (/opt/ros/humble/share/geometry_msgs/cmake)
[3.609s] -- Found rosidl_generator_c: 3.1.8 (/opt/ros/humble/share/rosidl_generator_c/cmake)
[3.615s] -- Found rosidl_adapter: 3.1.8 (/opt/ros/humble/share/rosidl_adapter/cmake)
[3.629s] -- Found rosidl_generator_cpp: 3.1.8 (/opt/ros/humble/share/rosidl_generator_cpp/cmake)
[3.646s] -- Using all available rosidl_typesupport_c: rosidl_typesupport_fastrtps_c;rosidl_typesupport_introspection_c
[3.681s] -- Using all available rosidl_typesupport_cpp: rosidl_typesupport_fastrtps_cpp;rosidl_typesupport_introspection_cpp
[3.748s] -- Found nav_msgs: 4.9.1 (/opt/ros/humble/share/nav_msgs/cmake)
[3.843s] -- Found rclcpp: 16.0.18 (/opt/ros/humble/share/rclcpp/cmake)
[4.069s] -- Found rmw_implementation_cmake: 6.1.2 (/opt/ros/humble/share/rmw_implementation_cmake/cmake)
[4.086s] -- Found rmw_fastrtps_cpp: 6.2.10 (/opt/ros/humble/share/rmw_fastrtps_cpp/cmake)
[4.412s] -- Using RMW implementation 'rmw_fastrtps_cpp' as default
[4.546s] -- Found sensor_msgs: 4.9.1 (/opt/ros/humble/share/sensor_msgs/cmake)
[4.577s] -- Found tf2: 0.25.19 (/opt/ros/humble/share/tf2/cmake)
[4.727s] -- Configuring done
[5.172s] -- Generating done
[5.187s] -- Build files have been written to: /workspace/ros2_ws/build/turtlebot3_gazebo
[5.589s] [35m[1mConsolidate compiler generated dependencies of target obstacle1[0m
[5.593s] [35m[1mConsolidate compiler generated dependencies of target obstacle2[0m
[5.611s] [35m[1mConsolidate compiler generated dependencies of target traffic_bar_plugin[0m
[5.611s] [35m[1mConsolidate compiler generated dependencies of target turtlebot3_drive[0m
[5.621s] [35m[1mConsolidate compiler generated dependencies of target traffic_light_plugin[0m
[5.621s] [35m[1mConsolidate compiler generated dependencies of target obstacles[0m
[5.647s] [  8%] [32mBuilding CXX object CMakeFiles/turtlebot3_drive.dir/src/turtlebot3_drive.cpp.o[0m
[5.678s] [ 16%] [32mBuilding CXX object CMakeFiles/obstacle1.dir/src/obstacle1.cpp.o[0m
[5.685s] [ 33%] [32mBuilding CXX object CMakeFiles/obstacles.dir/src/obstacles.cpp.o[0m
[5.685s] [ 33%] [32mBuilding CXX object CMakeFiles/obstacle2.dir/src/obstacle2.cpp.o[0m
[5.694s] [ 41%] [32mBuilding CXX object CMakeFiles/traffic_light_plugin.dir/src/traffic_light_plugin.cpp.o[0m
[5.700s] [ 50%] [32mBuilding CXX object CMakeFiles/traffic_bar_plugin.dir/src/traffic_bar_plugin.cpp.o[0m
[282.421s] [ 58%] [32m[1mLinking CXX executable turtlebot3_drive[0m
[294.308s] [ 58%] Built target turtlebot3_drive
[606.238s] [ 66%] [32m[1mLinking CXX shared library libtraffic_light_plugin.so[0m
[613.164s] [ 66%] Built target traffic_light_plugin
[620.579s] [ 75%] [32m[1mLinking CXX shared library libobstacle1.so[0m
[621.670s] [ 75%] Built target obstacle1
[623.159s] [ 83%] [32m[1mLinking CXX shared library libobstacles.so[0m
[623.869s] [ 83%] Built target obstacles
[624.292s] [ 91%] [32m[1mLinking CXX shared library libobstacle2.so[0m
[624.836s] [100%] [32m[1mLinking CXX shared library libtraffic_bar_plugin.so[0m
[624.989s] [100%] Built target obstacle2
[625.458s] [100%] Built target traffic_bar_plugin
[625.936s] Invoked command in '/workspace/ros2_ws/build/turtlebot3_gazebo' returned '0': CMAKE_PREFIX_PATH=${CMAKE_PREFIX_PATH}:/workspace/ros2_ws/install/turtlebot3_teleop:/workspace/ros2_ws/install/turtlebot3_example:/opt/ros/humble /usr/bin/cmake --build /workspace/ros2_ws/build/turtlebot3_gazebo -- -j6 -l6
[625.979s] Invoking command in '/workspace/ros2_ws/build/turtlebot3_gazebo': CMAKE_PREFIX_PATH=${CMAKE_PREFIX_PATH}:/workspace/ros2_ws/install/turtlebot3_teleop:/workspace/ros2_ws/install/turtlebot3_example:/opt/ros/humble /usr/bin/cmake --install /workspace/ros2_ws/build/turtlebot3_gazebo
[625.999s] -- Install configuration: ""
[626.007s] -- Execute custom install script
[626.013s] -- Up-to-date symlink: /workspace/ros2_ws/install/turtlebot3_gazebo/lib/turtlebot3_gazebo/turtlebot3_drive
[626.029s] -- Up-to-date symlink: /workspace/ros2_ws/install/turtlebot3_gazebo/share/turtlebot3_gazebo//launch/empty_world.launch.py
[626.029s] -- Up-to-date symlink: /workspace/ros2_ws/install/turtlebot3_gazebo/share/turtlebot3_gazebo//launch/multi_robot.launch.py
[626.032s] -- Up-to-date symlink: /workspace/ros2_ws/install/turtlebot3_gazebo/share/turtlebot3_gazebo//launch/multi_spawn_turtlebot3.launch.py
[626.034s] -- Up-to-date symlink: /workspace/ros2_ws/install/turtlebot3_gazebo/share/turtlebot3_gazebo//launch/robot_state_publisher.launch.py
[626.035s] -- Up-to-date symlink: /workspace/ros2_ws/install/turtlebot3_gazebo/share/turtlebot3_gazebo//launch/spawn_turtlebot3.launch.py
[626.038s] -- Up-to-date symlink: /workspace/ros2_ws/install/turtlebot3_gazebo/share/turtlebot3_gazebo//launch/turtlebot3_autorace_2020.launch.py
[626.039s] -- Up-to-date symlink: /workspace/ros2_ws/install/turtlebot3_gazebo/share/turtlebot3_gazebo//launch/turtlebot3_dqn_stage1.launch.py
[626.042s] -- Up-to-date symlink: /workspace/ros2_ws/install/turtlebot3_gazebo/share/turtlebot3_gazebo//launch/turtlebot3_dqn_stage2.launch.py
[626.048s] -- Up-to-date symlink: /workspace/ros2_ws/install/turtlebot3_gazebo/share/turtlebot3_gazebo//launch/turtlebot3_dqn_stage3.launch.py
[626.053s] -- Up-to-date symlink: /workspace/ros2_ws/install/turtlebot3_gazebo/share/turtlebot3_gazebo//launch/turtlebot3_dqn_stage4.launch.py
[626.055s] -- Up-to-date symlink: /workspace/ros2_ws/install/turtlebot3_gazebo/share/turtlebot3_gazebo//launch/turtlebot3_house.launch.py
[626.057s] -- Up-to-date symlink: /workspace/ros2_ws/install/turtlebot3_gazebo/share/turtlebot3_gazebo//launch/turtlebot3_world.launch.py
[626.146s] -- Up-to-date symlink: /workspace/ros2_ws/install/turtlebot3_gazebo/share/turtlebot3_gazebo//models/turtlebot3_autorace_2020/checker/materials/checker.png
[626.159s] -- Up-to-date symlink: /workspace/ros2_ws/install/turtlebot3_gazebo/share/turtlebot3_gazebo//models/turtlebot3_autorace_2020/checker/materials/scripts/checker.material
[626.162s] -- Up-to-date symlink: /workspace/ros2_ws/install/turtlebot3_gazebo/share/turtlebot3_gazebo//models/turtlebot3_autorace_2020/checker/materials/textures/checker.png
[626.163s] -- Up-to-date symlink: /workspace/ros2_ws/install/turtlebot3_gazebo/share/turtlebot3_gazebo//models/turtlebot3_autorace_2020/checker/model.config
[626.165s] -- Up-to-date symlink: /workspace/ros2_ws/install/turtlebot3_gazebo/share/turtlebot3_gazebo//models/turtlebot3_autorace_2020/checker/model.sdf
[626.170s] -- Up-to-date symlink: /workspace/ros2_ws/install/turtlebot3_gazebo/share/turtlebot3_gazebo//models/turtlebot3_autorace_2020/course/materials/scripts/course.material
[626.174s] -- Up-to-date symlink: /workspace/ros2_ws/install/turtlebot3_gazebo/share/turtlebot3_gazebo//models/turtlebot3_autorace_2020/course/materials/textures/course.png
[626.177s] -- Up-to-date symlink: /workspace/ros2_ws/install/turtlebot3_gazebo/share/turtlebot3_gazebo//models/turtlebot3_autorace_2020/course/model.config
[626.181s] -- Up-to-date symlink: /workspace/ros2_ws/install/turtlebot3_gazebo/share/turtlebot3_gazebo//models/turtlebot3_autorace_2020/course/model.sdf
[626.185s] -- Up-to-date symlink: /workspace/ros2_ws/install/turtlebot3_gazebo/share/turtlebot3_gazebo//models/turtlebot3_autorace_2020/traffic_bar/materials/scripts/traffic_bar.material
[626.188s] -- Up-to-date symlink: /workspace/ros2_ws/install/turtlebot3_gazebo/share/turtlebot3_gazebo//models/turtlebot3_autorace_2020/traffic_bar/materials/textures/traffic_bar.png
[626.189s] -- Up-to-date symlink: /workspace/ros2_ws/install/turtlebot3_gazebo/share/turtlebot3_gazebo//models/turtlebot3_autorace_2020/traffic_bar/model.config
[626.191s] -- Up-to-date symlink: /workspace/ros2_ws/install/turtlebot3_gazebo/share/turtlebot3_gazebo//models/turtlebot3_autorace_2020/traffic_bar/model.sdf
[626.198s] -- Up-to-date symlink: /workspace/ros2_ws/install/turtlebot3_gazebo/share/turtlebot3_gazebo//models/turtlebot3_autorace_2020/traffic_construction/materials/scripts/traffic_construction.material
[626.199s] -- Up-to-date symlink: /workspace/ros2_ws/install/turtlebot3_gazebo/share/turtlebot3_gazebo//models/turtlebot3_autorace_2020/traffic_construction/materials/textures/traffic_construction.png
[626.201s] -- Up-to-date symlink: /workspace/ros2_ws/install/turtlebot3_gazebo/share/turtlebot3_gazebo//models/turtlebot3_autorace_2020/traffic_construction/model.config
[626.206s] -- Up-to-date symlink: /workspace/ros2_ws/install/turtlebot3_gazebo/share/turtlebot3_gazebo//models/turtlebot3_autorace_2020/traffic_construction/model.sdf
[626.210s] -- Up-to-date symlink: /workspace/ros2_ws/install/turtlebot3_gazebo/share/turtlebot3_gazebo//models/turtlebot3_autorace_2020/traffic_intersection/materials/scripts/traffic_intersection.material
[626.212s] -- Up-to-date symlink: /workspace/ros2_ws/install/turtlebot3_gazebo/share/turtlebot3_gazebo//models/turtlebot3_autorace_2020/traffic_intersection/materials/textures/traffic_intersection.png
[626.217s] -- Up-to-date symlink: /workspace/ros2_ws/install/turtlebot3_gazebo/share/turtlebot3_gazebo//models/turtlebot3_autorace_2020/traffic_intersection/model.config
[626.219s] -- Up-to-date symlink: /workspace/ros2_ws/install/turtlebot3_gazebo/share/turtlebot3_gazebo//models/turtlebot3_autorace_2020/traffic_intersection/model.sdf
[626.225s] -- Up-to-date symlink: /workspace/ros2_ws/install/turtlebot3_gazebo/share/turtlebot3_gazebo//models/turtlebot3_autorace_2020/traffic_left/materials/scripts/traffic_is_left.material
[626.229s] -- Up-to-date symlink: /workspace/ros2_ws/install/turtlebot3_gazebo/share/turtlebot3_gazebo//models/turtlebot3_autorace_2020/traffic_left/materials/textures/traffic_left.png
[626.230s] -- Up-to-date symlink: /workspace/ros2_ws/install/turtlebot3_gazebo/share/turtlebot3_gazebo//models/turtlebot3_autorace_2020/traffic_left/model.config
[626.232s] -- Up-to-date symlink: /workspace/ros2_ws/install/turtlebot3_gazebo/share/turtlebot3_gazebo//models/turtlebot3_autorace_2020/traffic_left/model.sdf
[626.237s] -- Up-to-date symlink: /workspace/ros2_ws/install/turtlebot3_gazebo/share/turtlebot3_gazebo//models/turtlebot3_autorace_2020/traffic_light/materials/scripts/traffic_light.material
[626.242s] -- Up-to-date symlink: /workspace/ros2_ws/install/turtlebot3_gazebo/share/turtlebot3_gazebo//models/turtlebot3_autorace_2020/traffic_light/materials/textures/traffic_light.png
[626.243s] -- Up-to-date symlink: /workspace/ros2_ws/install/turtlebot3_gazebo/share/turtlebot3_gazebo//models/turtlebot3_autorace_2020/traffic_light/materials/textures/traffic_light_green.png
[626.244s] -- Up-to-date symlink: /workspace/ros2_ws/install/turtlebot3_gazebo/share/turtlebot3_gazebo//models/turtlebot3_autorace_2020/traffic_light/materials/textures/traffic_light_red.png
[626.247s] -- Up-to-date symlink: /workspace/ros2_ws/install/turtlebot3_gazebo/share/turtlebot3_gazebo//models/turtlebot3_autorace_2020/traffic_light/materials/textures/traffic_light_yellow.png
[626.248s] -- Up-to-date symlink: /workspace/ros2_ws/install/turtlebot3_gazebo/share/turtlebot3_gazebo//models/turtlebot3_autorace_2020/traffic_light/model.config
[626.251s] -- Up-to-date symlink: /workspace/ros2_ws/install/turtlebot3_gazebo/share/turtlebot3_gazebo//models/turtlebot3_autorace_2020/traffic_light/model.sdf
[626.259s] -- Up-to-date symlink: /workspace/ros2_ws/install/turtlebot3_gazebo/share/turtlebot3_gazebo//models/turtlebot3_autorace_2020/traffic_noentry/materials/scripts/traffic_noentry.material
[626.262s] -- Up-to-date symlink: /workspace/ros2_ws/install/turtlebot3_gazebo/share/turtlebot3_gazebo//models/turtlebot3_autorace_2020/traffic_noentry/materials/textures/traffic_noentry.png
[626.264s] -- Up-to-date symlink: /workspace/ros2_ws/install/turtlebot3_gazebo/share/turtlebot3_gazebo//models/turtlebot3_autorace_2020/traffic_noentry/model.config
[626.266s] -- Up-to-date symlink: /workspace/ros2_ws/install/turtlebot3_gazebo/share/turtlebot3_gazebo//models/turtlebot3_autorace_2020/traffic_noentry/model.sdf
[626.271s] -- Up-to-date symlink: /workspace/ros2_ws/install/turtlebot3_gazebo/share/turtlebot3_gazebo//models/turtlebot3_autorace_2020/traffic_parking/materials/scripts/traffic_parking.material
[626.274s] -- Up-to-date symlink: /workspace/ros2_ws/install/turtlebot3_gazebo/share/turtlebot3_gazebo//models/turtlebot3_autorace_2020/traffic_parking/materials/textures/traffic_parking.png
[626.277s] -- Up-to-date symlink: /workspace/ros2_ws/install/turtlebot3_gazebo/share/turtlebot3_gazebo//models/turtlebot3_autorace_2020/traffic_parking/model.config
[626.278s] -- Up-to-date symlink: /workspace/ros2_ws/install/turtlebot3_gazebo/share/turtlebot3_gazebo//models/turtlebot3_autorace_2020/traffic_parking/model.sdf
[626.282s] -- Up-to-date symlink: /workspace/ros2_ws/install/turtlebot3_gazebo/share/turtlebot3_gazebo//models/turtlebot3_autorace_2020/traffic_pl_left/materials/scripts/traffic_pl_left.material
[626.285s] -- Up-to-date symlink: /workspace/ros2_ws/install/turtlebot3_gazebo/share/turtlebot3_gazebo//models/turtlebot3_autorace_2020/traffic_pl_left/materials/textures/traffic_pl_left.png
[626.286s] -- Up-to-date symlink: /workspace/ros2_ws/install/turtlebot3_gazebo/share/turtlebot3_gazebo//models/turtlebot3_autorace_2020/traffic_pl_left/model.config
[626.288s] -- Up-to-date symlink: /workspace/ros2_ws/install/turtlebot3_gazebo/share/turtlebot3_gazebo//models/turtlebot3_autorace_2020/traffic_pl_left/model.sdf
[626.295s] -- Up-to-date symlink: /workspace/ros2_ws/install/turtlebot3_gazebo/share/turtlebot3_gazebo//models/turtlebot3_autorace_2020/traffic_right/materials/scripts/traffic_right.material
[626.298s] -- Up-to-date symlink: /workspace/ros2_ws/install/turtlebot3_gazebo/share/turtlebot3_gazebo//models/turtlebot3_autorace_2020/traffic_right/materials/textures/traffic_right.png
[626.300s] -- Up-to-date symlink: /workspace/ros2_ws/install/turtlebot3_gazebo/share/turtlebot3_gazebo//models/turtlebot3_autorace_2020/traffic_right/model.config
[626.302s] -- Up-to-date symlink: /workspace/ros2_ws/install/turtlebot3_gazebo/share/turtlebot3_gazebo//models/turtlebot3_autorace_2020/traffic_right/model.sdf
[626.307s] -- Up-to-date symlink: /workspace/ros2_ws/install/turtlebot3_gazebo/share/turtlebot3_gazebo//models/turtlebot3_autorace_2020/traffic_stop/materials/scripts/traffic_stop.material
[626.311s] -- Up-to-date symlink: /workspace/ros2_ws/install/turtlebot3_gazebo/share/turtlebot3_gazebo//models/turtlebot3_autorace_2020/traffic_stop/materials/textures/traffic_stop.png
[626.312s] -- Up-to-date symlink: /workspace/ros2_ws/install/turtlebot3_gazebo/share/turtlebot3_gazebo//models/turtlebot3_autorace_2020/traffic_stop/model.config
[626.314s] -- Up-to-date symlink: /workspace/ros2_ws/install/turtlebot3_gazebo/share/turtlebot3_gazebo//models/turtlebot3_autorace_2020/traffic_stop/model.sdf
[626.320s] -- Up-to-date symlink: /workspace/ros2_ws/install/turtlebot3_gazebo/share/turtlebot3_gazebo//models/turtlebot3_autorace_2020/traffic_tunnel/materials/scripts/tunnel.material
[626.323s] -- Up-to-date symlink: /workspace/ros2_ws/install/turtlebot3_gazebo/share/turtlebot3_gazebo//models/turtlebot3_autorace_2020/traffic_tunnel/materials/textures/tunnel.png
[626.324s] -- Up-to-date symlink: /workspace/ros2_ws/install/turtlebot3_gazebo/share/turtlebot3_gazebo//models/turtlebot3_autorace_2020/traffic_tunnel/model.config
[626.327s] -- Up-to-date symlink: /workspace/ros2_ws/install/turtlebot3_gazebo/share/turtlebot3_gazebo//models/turtlebot3_autorace_2020/traffic_tunnel/model.sdf
[626.329s] -- Up-to-date symlink: /workspace/ros2_ws/install/turtlebot3_gazebo/share/turtlebot3_gazebo//models/turtlebot3_burger/model-1_4.sdf
[626.332s] -- Up-to-date symlink: /workspace/ros2_ws/install/turtlebot3_gazebo/share/turtlebot3_gazebo//models/turtlebot3_burger/model.config
[626.333s] -- Up-to-date symlink: /workspace/ros2_ws/install/turtlebot3_gazebo/share/turtlebot3_gazebo//models/turtlebot3_burger/model.sdf
[626.338s] -- Up-to-date symlink: /workspace/ros2_ws/install/turtlebot3_gazebo/share/turtlebot3_gazebo//models/turtlebot3_burger_cam/model-1_4.sdf
[626.365s] -- Up-to-date symlink: /workspace/ros2_ws/install/turtlebot3_gazebo/share/turtlebot3_gazebo//models/turtlebot3_burger_cam/model.config
[626.367s] -- Up-to-date symlink: /workspace/ros2_ws/install/turtlebot3_gazebo/share/turtlebot3_gazebo//models/turtlebot3_burger_cam/model.sdf
[626.371s] -- Up-to-date symlink: /workspace/ros2_ws/install/turtlebot3_gazebo/share/turtlebot3_gazebo//models/turtlebot3_common/meshes/bases/burger_base.stl
[626.373s] -- Up-to-date symlink: /workspace/ros2_ws/install/turtlebot3_gazebo/share/turtlebot3_gazebo//models/turtlebot3_common/meshes/bases/waffle_base.stl
[626.378s] -- Up-to-date symlink: /workspace/ros2_ws/install/turtlebot3_gazebo/share/turtlebot3_gazebo//models/turtlebot3_common/meshes/bases/waffle_pi_base.stl
[626.379s] -- Up-to-date symlink: /workspace/ros2_ws/install/turtlebot3_gazebo/share/turtlebot3_gazebo//models/turtlebot3_common/meshes/burger_base.dae
[626.380s] -- Up-to-date symlink: /workspace/ros2_ws/install/turtlebot3_gazebo/share/turtlebot3_gazebo//models/turtlebot3_common/meshes/lds.dae
[626.382s] -- Up-to-date symlink: /workspace/ros2_ws/install/turtlebot3_gazebo/share/turtlebot3_gazebo//models/turtlebot3_common/meshes/r200.dae
[626.386s] -- Up-to-date symlink: /workspace/ros2_ws/install/turtlebot3_gazebo/share/turtlebot3_gazebo//models/turtlebot3_common/meshes/sensors/astra.dae
[626.388s] -- Up-to-date symlink: /workspace/ros2_ws/install/turtlebot3_gazebo/share/turtlebot3_gazebo//models/turtlebot3_common/meshes/sensors/astra.jpg
[626.389s] -- Up-to-date symlink: /workspace/ros2_ws/install/turtlebot3_gazebo/share/turtlebot3_gazebo//models/turtlebot3_common/meshes/sensors/lds.stl
[626.392s] -- Up-to-date symlink: /workspace/ros2_ws/install/turtlebot3_gazebo/share/turtlebot3_gazebo//models/turtlebot3_common/meshes/sensors/r200.dae
[626.393s] -- Up-to-date symlink: /workspace/ros2_ws/install/turtlebot3_gazebo/share/turtlebot3_gazebo//models/turtlebot3_common/meshes/sensors/r200.jpg
[626.394s] -- Up-to-date symlink: /workspace/ros2_ws/install/turtlebot3_gazebo/share/turtlebot3_gazebo//models/turtlebot3_common/meshes/tire.dae
[626.397s] -- Up-to-date symlink: /workspace/ros2_ws/install/turtlebot3_gazebo/share/turtlebot3_gazebo//models/turtlebot3_common/meshes/waffle_base.dae
[626.399s] -- Up-to-date symlink: /workspace/ros2_ws/install/turtlebot3_gazebo/share/turtlebot3_gazebo//models/turtlebot3_common/meshes/waffle_pi_base.dae
[626.403s] -- Up-to-date symlink: /workspace/ros2_ws/install/turtlebot3_gazebo/share/turtlebot3_gazebo//models/turtlebot3_common/meshes/wheels/left_tire.stl
[626.404s] -- Up-to-date symlink: /workspace/ros2_ws/install/turtlebot3_gazebo/share/turtlebot3_gazebo//models/turtlebot3_common/meshes/wheels/right_tire.stl
[626.406s] -- Up-to-date symlink: /workspace/ros2_ws/install/turtlebot3_gazebo/share/turtlebot3_gazebo//models/turtlebot3_common/model.config
[626.413s] -- Up-to-date symlink: /workspace/ros2_ws/install/turtlebot3_gazebo/share/turtlebot3_gazebo//models/turtlebot3_dqn_world/goal_box/model.config
[626.413s] -- Up-to-date symlink: /workspace/ros2_ws/install/turtlebot3_gazebo/share/turtlebot3_gazebo//models/turtlebot3_dqn_world/goal_box/model.sdf
[626.418s] -- Up-to-date symlink: /workspace/ros2_ws/install/turtlebot3_gazebo/share/turtlebot3_gazebo//models/turtlebot3_dqn_world/inner_walls/model.config
[626.419s] -- Up-to-date symlink: /workspace/ros2_ws/install/turtlebot3_gazebo/share/turtlebot3_gazebo//models/turtlebot3_dqn_world/inner_walls/model.sdf
[626.420s] -- Up-to-date symlink: /workspace/ros2_ws/install/turtlebot3_gazebo/share/turtlebot3_gazebo//models/turtlebot3_dqn_world/model.config
[626.425s] -- Up-to-date symlink: /workspace/ros2_ws/install/turtlebot3_gazebo/share/turtlebot3_gazebo//models/turtlebot3_dqn_world/model.sdf
[626.427s] -- Up-to-date symlink: /workspace/ros2_ws/install/turtlebot3_gazebo/share/turtlebot3_gazebo//models/turtlebot3_dqn_world/obstacle1/model.config
[626.429s] -- Up-to-date symlink: /workspace/ros2_ws/install/turtlebot3_gazebo/share/turtlebot3_gazebo//models/turtlebot3_dqn_world/obstacle1/model.sdf
[626.432s] -- Up-to-date symlink: /workspace/ros2_ws/install/turtlebot3_gazebo/share/turtlebot3_gazebo//models/turtlebot3_dqn_world/obstacle2/model.config
[626.433s] -- Up-to-date symlink: /workspace/ros2_ws/install/turtlebot3_gazebo/share/turtlebot3_gazebo//models/turtlebot3_dqn_world/obstacle2/model.sdf
[626.436s] -- Up-to-date symlink: /workspace/ros2_ws/install/turtlebot3_gazebo/share/turtlebot3_gazebo//models/turtlebot3_dqn_world/obstacles/model.config
[626.439s] -- Up-to-date symlink: /workspace/ros2_ws/install/turtlebot3_gazebo/share/turtlebot3_gazebo//models/turtlebot3_dqn_world/obstacles/model.sdf
[626.444s] -- Up-to-date symlink: /workspace/ros2_ws/install/turtlebot3_gazebo/share/turtlebot3_gazebo//models/turtlebot3_house/model.config
[626.446s] -- Up-to-date symlink: /workspace/ros2_ws/install/turtlebot3_gazebo/share/turtlebot3_gazebo//models/turtlebot3_house/model.sdf
[626.448s] -- Up-to-date symlink: /workspace/ros2_ws/install/turtlebot3_gazebo/share/turtlebot3_gazebo//models/turtlebot3_waffle/model-1_4.sdf
[626.450s] -- Up-to-date symlink: /workspace/ros2_ws/install/turtlebot3_gazebo/share/turtlebot3_gazebo//models/turtlebot3_waffle/model.config
[626.452s] -- Up-to-date symlink: /workspace/ros2_ws/install/turtlebot3_gazebo/share/turtlebot3_gazebo//models/turtlebot3_waffle/model.sdf
[626.460s] -- Up-to-date symlink: /workspace/ros2_ws/install/turtlebot3_gazebo/share/turtlebot3_gazebo//models/turtlebot3_waffle_pi/model-1_4_.sdf
[626.462s] -- Up-to-date symlink: /workspace/ros2_ws/install/turtlebot3_gazebo/share/turtlebot3_gazebo//models/turtlebot3_waffle_pi/model.config
[626.463s] -- Up-to-date symlink: /workspace/ros2_ws/install/turtlebot3_gazebo/share/turtlebot3_gazebo//models/turtlebot3_waffle_pi/model.sdf
[626.467s] -- Up-to-date symlink: /workspace/ros2_ws/install/turtlebot3_gazebo/share/turtlebot3_gazebo//models/turtlebot3_world/meshes/hexagon.dae
[626.468s] -- Up-to-date symlink: /workspace/ros2_ws/install/turtlebot3_gazebo/share/turtlebot3_gazebo//models/turtlebot3_world/meshes/wall.dae
[626.470s] -- Up-to-date symlink: /workspace/ros2_ws/install/turtlebot3_gazebo/share/turtlebot3_gazebo//models/turtlebot3_world/model-1_4.sdf
[626.471s] -- Up-to-date symlink: /workspace/ros2_ws/install/turtlebot3_gazebo/share/turtlebot3_gazebo//models/turtlebot3_world/model.config
[626.473s] -- Up-to-date symlink: /workspace/ros2_ws/install/turtlebot3_gazebo/share/turtlebot3_gazebo//models/turtlebot3_world/model.sdf
[626.477s] -- Up-to-date symlink: /workspace/ros2_ws/install/turtlebot3_gazebo/share/turtlebot3_gazebo//rviz/tb3_gazebo.rviz
[626.482s] -- Up-to-date symlink: /workspace/ros2_ws/install/turtlebot3_gazebo/share/turtlebot3_gazebo//urdf/common_properties.urdf
[626.484s] -- Up-to-date symlink: /workspace/ros2_ws/install/turtlebot3_gazebo/share/turtlebot3_gazebo//urdf/turtlebot3_burger.urdf
[626.486s] -- Up-to-date symlink: /workspace/ros2_ws/install/turtlebot3_gazebo/share/turtlebot3_gazebo//urdf/turtlebot3_burger_cam.urdf
[626.488s] -- Up-to-date symlink: /workspace/ros2_ws/install/turtlebot3_gazebo/share/turtlebot3_gazebo//urdf/turtlebot3_waffle.urdf
[626.489s] -- Up-to-date symlink: /workspace/ros2_ws/install/turtlebot3_gazebo/share/turtlebot3_gazebo//urdf/turtlebot3_waffle_pi.urdf
[626.494s] -- Up-to-date symlink: /workspace/ros2_ws/install/turtlebot3_gazebo/share/turtlebot3_gazebo//worlds/empty_world.world
[626.496s] -- Up-to-date symlink: /workspace/ros2_ws/install/turtlebot3_gazebo/share/turtlebot3_gazebo//worlds/turtlebot3_autorace_2020.world
[626.498s] -- Up-to-date symlink: /workspace/ros2_ws/install/turtlebot3_gazebo/share/turtlebot3_gazebo//worlds/turtlebot3_dqn_stage1.world
[626.499s] -- Up-to-date symlink: /workspace/ros2_ws/install/turtlebot3_gazebo/share/turtlebot3_gazebo//worlds/turtlebot3_dqn_stage2.world
[626.501s] -- Up-to-date symlink: /workspace/ros2_ws/install/turtlebot3_gazebo/share/turtlebot3_gazebo//worlds/turtlebot3_dqn_stage3.world
[626.503s] -- Up-to-date symlink: /workspace/ros2_ws/install/turtlebot3_gazebo/share/turtlebot3_gazebo//worlds/turtlebot3_dqn_stage4.world
[626.504s] -- Up-to-date symlink: /workspace/ros2_ws/install/turtlebot3_gazebo/share/turtlebot3_gazebo//worlds/turtlebot3_house.world
[626.506s] -- Up-to-date symlink: /workspace/ros2_ws/install/turtlebot3_gazebo/share/turtlebot3_gazebo//worlds/turtlebot3_world.world
[626.514s] -- Up-to-date symlink: /workspace/ros2_ws/install/turtlebot3_gazebo/include//turtlebot3_gazebo/obstacle1.hpp
[626.515s] -- Up-to-date symlink: /workspace/ros2_ws/install/turtlebot3_gazebo/include//turtlebot3_gazebo/obstacle2.hpp
[626.517s] -- Up-to-date symlink: /workspace/ros2_ws/install/turtlebot3_gazebo/include//turtlebot3_gazebo/obstacles.hpp
[626.518s] -- Up-to-date symlink: /workspace/ros2_ws/install/turtlebot3_gazebo/include//turtlebot3_gazebo/traffic_bar_plugin.hpp
[626.520s] -- Up-to-date symlink: /workspace/ros2_ws/install/turtlebot3_gazebo/include//turtlebot3_gazebo/traffic_light_plugin.hpp
[626.523s] -- Up-to-date symlink: /workspace/ros2_ws/install/turtlebot3_gazebo/include//turtlebot3_gazebo/turtlebot3_drive.hpp
[626.534s] -- Up-to-date symlink: /workspace/ros2_ws/install/turtlebot3_gazebo/share/ament_index/resource_index/package_run_dependencies/turtlebot3_gazebo
[626.538s] -- Up-to-date symlink: /workspace/ros2_ws/install/turtlebot3_gazebo/share/ament_index/resource_index/parent_prefix_path/turtlebot3_gazebo
[626.541s] -- Up-to-date symlink: /workspace/ros2_ws/install/turtlebot3_gazebo/share/turtlebot3_gazebo/environment/ament_prefix_path.sh
[626.544s] -- Up-to-date symlink: /workspace/ros2_ws/install/turtlebot3_gazebo/share/turtlebot3_gazebo/environment/ament_prefix_path.dsv
[626.545s] -- Up-to-date symlink: /workspace/ros2_ws/install/turtlebot3_gazebo/share/turtlebot3_gazebo/environment/path.sh
[626.548s] -- Up-to-date symlink: /workspace/ros2_ws/install/turtlebot3_gazebo/share/turtlebot3_gazebo/environment/path.dsv
[626.550s] -- Up-to-date symlink: /workspace/ros2_ws/install/turtlebot3_gazebo/share/turtlebot3_gazebo/local_setup.bash
[626.552s] -- Up-to-date symlink: /workspace/ros2_ws/install/turtlebot3_gazebo/share/turtlebot3_gazebo/local_setup.sh
[626.556s] -- Up-to-date symlink: /workspace/ros2_ws/install/turtlebot3_gazebo/share/turtlebot3_gazebo/local_setup.zsh
[626.561s] -- Up-to-date symlink: /workspace/ros2_ws/install/turtlebot3_gazebo/share/turtlebot3_gazebo/local_setup.dsv
[626.562s] -- Symlinking: /workspace/ros2_ws/install/turtlebot3_gazebo/share/turtlebot3_gazebo/package.dsv
[626.580s] -- Up-to-date symlink: /workspace/ros2_ws/install/turtlebot3_gazebo/share/ament_index/resource_index/packages/turtlebot3_gazebo
[626.583s] -- Up-to-date symlink: /workspace/ros2_ws/install/turtlebot3_gazebo/share/turtlebot3_gazebo/cmake/ament_cmake_export_include_directories-extras.cmake
[626.585s] -- Up-to-date symlink: /workspace/ros2_ws/install/turtlebot3_gazebo/share/turtlebot3_gazebo/cmake/ament_cmake_export_dependencies-extras.cmake
[626.590s] -- Up-to-date symlink: /workspace/ros2_ws/install/turtlebot3_gazebo/share/turtlebot3_gazebo/cmake/turtlebot3_gazeboConfig.cmake
[626.592s] -- Up-to-date symlink: /workspace/ros2_ws/install/turtlebot3_gazebo/share/turtlebot3_gazebo/cmake/turtlebot3_gazeboConfig-version.cmake
[626.594s] -- Up-to-date symlink: /workspace/ros2_ws/install/turtlebot3_gazebo/share/turtlebot3_gazebo/package.xml
[626.606s] Invoked command in '/workspace/ros2_ws/build/turtlebot3_gazebo' returned '0': CMAKE_PREFIX_PATH=${CMAKE_PREFIX_PATH}:/workspace/ros2_ws/install/turtlebot3_teleop:/workspace/ros2_ws/install/turtlebot3_example:/opt/ros/humble /usr/bin/cmake --install /workspace/ros2_ws/build/turtlebot3_gazebo
