[0.034s] Invoking command in '/workspace/ros2_ws/build/turtlebot3': AMENT_PREFIX_PATH=/workspace/ros2_ws/install/turtlebot3_bringup:/workspace/ros2_ws/install/turtlebot3_node:/workspace/ros2_ws/install/turtlebot3_example:/workspace/ros2_ws/install/turtlebot3_teleop:/workspace/ros2_ws/install/turtlebot3_navigation2:/workspace/ros2_ws/install/turtlebot3_msgs:/workspace/ros2_ws/install/turtlebot3_description:/workspace/ros2_ws/install/turtlebot3_cartographer:${AMENT_PREFIX_PATH} CMAKE_PREFIX_PATH=/workspace/ros2_ws/install/turtlebot3_bringup:/workspace/ros2_ws/install/turtlebot3_node:/workspace/ros2_ws/install/turtlebot3_navigation2:/workspace/ros2_ws/install/turtlebot3_msgs:/workspace/ros2_ws/install/turtlebot3_description:/workspace/ros2_ws/install/turtlebot3_cartographer:/opt/ros/humble LD_LIBRARY_PATH=/workspace/ros2_ws/install/turtlebot3_msgs/lib:${LD_LIBRARY_PATH} PYTHONPATH=/workspace/ros2_ws/build/turtlebot3_example:/workspace/ros2_ws/install/turtlebot3_example/lib/python3.10/site-packages:/workspace/ros2_ws/build/turtlebot3_teleop:/workspace/ros2_ws/install/turtlebot3_teleop/lib/python3.10/site-packages:/workspace/ros2_ws/install/turtlebot3_msgs/local/lib/python3.10/dist-packages:${PYTHONPATH} /usr/bin/cmake /workspace/ros2_ws/src/turtlebot3/turtlebot3 -DAMENT_CMAKE_SYMLINK_INSTALL=1 -DCMAKE_INSTALL_PREFIX=/workspace/ros2_ws/install/turtlebot3
[0.086s] -- The C compiler identification is GNU 11.4.0
[0.134s] -- The CXX compiler identification is GNU 11.4.0
[0.140s] -- Detecting C compiler ABI info
[0.207s] -- Detecting C compiler ABI info - done
[0.213s] -- Check for working C compiler: /usr/bin/cc - skipped
[0.213s] -- Detecting C compile features
[0.213s] -- Detecting C compile features - done
[0.214s] -- Detecting CXX compiler ABI info
[0.295s] -- Detecting CXX compiler ABI info - done
[0.302s] -- Check for working CXX compiler: /usr/bin/c++ - skipped
[0.302s] -- Detecting CXX compile features
[0.302s] -- Detecting CXX compile features - done
[0.304s] -- Found ament_cmake: 1.3.12 (/opt/ros/humble/share/ament_cmake/cmake)
[0.422s] -- Found Python3: /usr/bin/python3 (found version "3.10.12") found components: Interpreter 
[0.468s] -- Override CMake install command with custom implementation using symlinks instead of copying resources
[0.631s] -- Configuring done
[0.645s] -- Generating done
[0.645s] -- Build files have been written to: /workspace/ros2_ws/build/turtlebot3
[0.708s] Invoked command in '/workspace/ros2_ws/build/turtlebot3' returned '0': AMENT_PREFIX_PATH=/workspace/ros2_ws/install/turtlebot3_bringup:/workspace/ros2_ws/install/turtlebot3_node:/workspace/ros2_ws/install/turtlebot3_example:/workspace/ros2_ws/install/turtlebot3_teleop:/workspace/ros2_ws/install/turtlebot3_navigation2:/workspace/ros2_ws/install/turtlebot3_msgs:/workspace/ros2_ws/install/turtlebot3_description:/workspace/ros2_ws/install/turtlebot3_cartographer:${AMENT_PREFIX_PATH} CMAKE_PREFIX_PATH=/workspace/ros2_ws/install/turtlebot3_bringup:/workspace/ros2_ws/install/turtlebot3_node:/workspace/ros2_ws/install/turtlebot3_navigation2:/workspace/ros2_ws/install/turtlebot3_msgs:/workspace/ros2_ws/install/turtlebot3_description:/workspace/ros2_ws/install/turtlebot3_cartographer:/opt/ros/humble LD_LIBRARY_PATH=/workspace/ros2_ws/install/turtlebot3_msgs/lib:${LD_LIBRARY_PATH} PYTHONPATH=/workspace/ros2_ws/build/turtlebot3_example:/workspace/ros2_ws/install/turtlebot3_example/lib/python3.10/site-packages:/workspace/ros2_ws/build/turtlebot3_teleop:/workspace/ros2_ws/install/turtlebot3_teleop/lib/python3.10/site-packages:/workspace/ros2_ws/install/turtlebot3_msgs/local/lib/python3.10/dist-packages:${PYTHONPATH} /usr/bin/cmake /workspace/ros2_ws/src/turtlebot3/turtlebot3 -DAMENT_CMAKE_SYMLINK_INSTALL=1 -DCMAKE_INSTALL_PREFIX=/workspace/ros2_ws/install/turtlebot3
[0.716s] Invoking command in '/workspace/ros2_ws/build/turtlebot3': AMENT_PREFIX_PATH=/workspace/ros2_ws/install/turtlebot3_bringup:/workspace/ros2_ws/install/turtlebot3_node:/workspace/ros2_ws/install/turtlebot3_example:/workspace/ros2_ws/install/turtlebot3_teleop:/workspace/ros2_ws/install/turtlebot3_navigation2:/workspace/ros2_ws/install/turtlebot3_msgs:/workspace/ros2_ws/install/turtlebot3_description:/workspace/ros2_ws/install/turtlebot3_cartographer:${AMENT_PREFIX_PATH} CMAKE_PREFIX_PATH=/workspace/ros2_ws/install/turtlebot3_bringup:/workspace/ros2_ws/install/turtlebot3_node:/workspace/ros2_ws/install/turtlebot3_navigation2:/workspace/ros2_ws/install/turtlebot3_msgs:/workspace/ros2_ws/install/turtlebot3_description:/workspace/ros2_ws/install/turtlebot3_cartographer:/opt/ros/humble LD_LIBRARY_PATH=/workspace/ros2_ws/install/turtlebot3_msgs/lib:${LD_LIBRARY_PATH} PYTHONPATH=/workspace/ros2_ws/build/turtlebot3_example:/workspace/ros2_ws/install/turtlebot3_example/lib/python3.10/site-packages:/workspace/ros2_ws/build/turtlebot3_teleop:/workspace/ros2_ws/install/turtlebot3_teleop/lib/python3.10/site-packages:/workspace/ros2_ws/install/turtlebot3_msgs/local/lib/python3.10/dist-packages:${PYTHONPATH} /usr/bin/cmake --build /workspace/ros2_ws/build/turtlebot3 -- -j11 -l11
[0.757s] Invoked command in '/workspace/ros2_ws/build/turtlebot3' returned '0': AMENT_PREFIX_PATH=/workspace/ros2_ws/install/turtlebot3_bringup:/workspace/ros2_ws/install/turtlebot3_node:/workspace/ros2_ws/install/turtlebot3_example:/workspace/ros2_ws/install/turtlebot3_teleop:/workspace/ros2_ws/install/turtlebot3_navigation2:/workspace/ros2_ws/install/turtlebot3_msgs:/workspace/ros2_ws/install/turtlebot3_description:/workspace/ros2_ws/install/turtlebot3_cartographer:${AMENT_PREFIX_PATH} CMAKE_PREFIX_PATH=/workspace/ros2_ws/install/turtlebot3_bringup:/workspace/ros2_ws/install/turtlebot3_node:/workspace/ros2_ws/install/turtlebot3_navigation2:/workspace/ros2_ws/install/turtlebot3_msgs:/workspace/ros2_ws/install/turtlebot3_description:/workspace/ros2_ws/install/turtlebot3_cartographer:/opt/ros/humble LD_LIBRARY_PATH=/workspace/ros2_ws/install/turtlebot3_msgs/lib:${LD_LIBRARY_PATH} PYTHONPATH=/workspace/ros2_ws/build/turtlebot3_example:/workspace/ros2_ws/install/turtlebot3_example/lib/python3.10/site-packages:/workspace/ros2_ws/build/turtlebot3_teleop:/workspace/ros2_ws/install/turtlebot3_teleop/lib/python3.10/site-packages:/workspace/ros2_ws/install/turtlebot3_msgs/local/lib/python3.10/dist-packages:${PYTHONPATH} /usr/bin/cmake --build /workspace/ros2_ws/build/turtlebot3 -- -j11 -l11
[0.759s] Invoking command in '/workspace/ros2_ws/build/turtlebot3': AMENT_PREFIX_PATH=/workspace/ros2_ws/install/turtlebot3_bringup:/workspace/ros2_ws/install/turtlebot3_node:/workspace/ros2_ws/install/turtlebot3_example:/workspace/ros2_ws/install/turtlebot3_teleop:/workspace/ros2_ws/install/turtlebot3_navigation2:/workspace/ros2_ws/install/turtlebot3_msgs:/workspace/ros2_ws/install/turtlebot3_description:/workspace/ros2_ws/install/turtlebot3_cartographer:${AMENT_PREFIX_PATH} CMAKE_PREFIX_PATH=/workspace/ros2_ws/install/turtlebot3_bringup:/workspace/ros2_ws/install/turtlebot3_node:/workspace/ros2_ws/install/turtlebot3_navigation2:/workspace/ros2_ws/install/turtlebot3_msgs:/workspace/ros2_ws/install/turtlebot3_description:/workspace/ros2_ws/install/turtlebot3_cartographer:/opt/ros/humble LD_LIBRARY_PATH=/workspace/ros2_ws/install/turtlebot3_msgs/lib:${LD_LIBRARY_PATH} PYTHONPATH=/workspace/ros2_ws/build/turtlebot3_example:/workspace/ros2_ws/install/turtlebot3_example/lib/python3.10/site-packages:/workspace/ros2_ws/build/turtlebot3_teleop:/workspace/ros2_ws/install/turtlebot3_teleop/lib/python3.10/site-packages:/workspace/ros2_ws/install/turtlebot3_msgs/local/lib/python3.10/dist-packages:${PYTHONPATH} /usr/bin/cmake --install /workspace/ros2_ws/build/turtlebot3
[0.766s] -- Install configuration: ""
[0.766s] -- Execute custom install script
[0.766s] -- Symlinking: /workspace/ros2_ws/install/turtlebot3/share/ament_index/resource_index/package_run_dependencies/turtlebot3
[0.775s] -- Symlinking: /workspace/ros2_ws/install/turtlebot3/share/ament_index/resource_index/parent_prefix_path/turtlebot3
[0.784s] -- Symlinking: /workspace/ros2_ws/install/turtlebot3/share/turtlebot3/environment/ament_prefix_path.sh
[0.792s] -- Symlinking: /workspace/ros2_ws/install/turtlebot3/share/turtlebot3/environment/ament_prefix_path.dsv
[0.801s] -- Symlinking: /workspace/ros2_ws/install/turtlebot3/share/turtlebot3/environment/path.sh
[0.810s] -- Symlinking: /workspace/ros2_ws/install/turtlebot3/share/turtlebot3/environment/path.dsv
[0.817s] -- Symlinking: /workspace/ros2_ws/install/turtlebot3/share/turtlebot3/local_setup.bash
[0.826s] -- Symlinking: /workspace/ros2_ws/install/turtlebot3/share/turtlebot3/local_setup.sh
[0.835s] -- Symlinking: /workspace/ros2_ws/install/turtlebot3/share/turtlebot3/local_setup.zsh
[0.842s] -- Symlinking: /workspace/ros2_ws/install/turtlebot3/share/turtlebot3/local_setup.dsv
[0.849s] -- Symlinking: /workspace/ros2_ws/install/turtlebot3/share/turtlebot3/package.dsv
[0.857s] -- Symlinking: /workspace/ros2_ws/install/turtlebot3/share/ament_index/resource_index/packages/turtlebot3
[0.864s] -- Symlinking: /workspace/ros2_ws/install/turtlebot3/share/turtlebot3/cmake/turtlebot3Config.cmake
[0.871s] -- Symlinking: /workspace/ros2_ws/install/turtlebot3/share/turtlebot3/cmake/turtlebot3Config-version.cmake
[0.879s] -- Symlinking: /workspace/ros2_ws/install/turtlebot3/share/turtlebot3/package.xml
[0.905s] Invoked command in '/workspace/ros2_ws/build/turtlebot3' returned '0': AMENT_PREFIX_PATH=/workspace/ros2_ws/install/turtlebot3_bringup:/workspace/ros2_ws/install/turtlebot3_node:/workspace/ros2_ws/install/turtlebot3_example:/workspace/ros2_ws/install/turtlebot3_teleop:/workspace/ros2_ws/install/turtlebot3_navigation2:/workspace/ros2_ws/install/turtlebot3_msgs:/workspace/ros2_ws/install/turtlebot3_description:/workspace/ros2_ws/install/turtlebot3_cartographer:${AMENT_PREFIX_PATH} CMAKE_PREFIX_PATH=/workspace/ros2_ws/install/turtlebot3_bringup:/workspace/ros2_ws/install/turtlebot3_node:/workspace/ros2_ws/install/turtlebot3_navigation2:/workspace/ros2_ws/install/turtlebot3_msgs:/workspace/ros2_ws/install/turtlebot3_description:/workspace/ros2_ws/install/turtlebot3_cartographer:/opt/ros/humble LD_LIBRARY_PATH=/workspace/ros2_ws/install/turtlebot3_msgs/lib:${LD_LIBRARY_PATH} PYTHONPATH=/workspace/ros2_ws/build/turtlebot3_example:/workspace/ros2_ws/install/turtlebot3_example/lib/python3.10/site-packages:/workspace/ros2_ws/build/turtlebot3_teleop:/workspace/ros2_ws/install/turtlebot3_teleop/lib/python3.10/site-packages:/workspace/ros2_ws/install/turtlebot3_msgs/local/lib/python3.10/dist-packages:${PYTHONPATH} /usr/bin/cmake --install /workspace/ros2_ws/build/turtlebot3
