[0.250s] Invoking command in '/workspace/ros2_ws/build/turtlebot3_description': CMAKE_PREFIX_PATH=${CMAKE_PREFIX_PATH}:/workspace/ros2_ws/install/turtlebot3_teleop:/workspace/ros2_ws/install/turtlebot3_example:/opt/ros/humble /usr/bin/cmake --build /workspace/ros2_ws/build/turtlebot3_description -- -j6 -l6
[0.568s] -- Found ament_cmake: 1.3.14 (/opt/ros/humble/share/ament_cmake/cmake)
[0.983s] -- Override CMake install command with custom implementation using symlinks instead of copying resources
[1.151s] -- Found urdf: 2.6.1 (/opt/ros/humble/share/urdf/cmake)
[1.683s] -- Configuring done
[1.691s] -- Generating done
[1.701s] -- Build files have been written to: /workspace/ros2_ws/build/turtlebot3_description
[1.945s] Invoked command in '/workspace/ros2_ws/build/turtlebot3_description' returned '0': CMAKE_PREFIX_PATH=${CMAKE_PREFIX_PATH}:/workspace/ros2_ws/install/turtlebot3_teleop:/workspace/ros2_ws/install/turtlebot3_example:/opt/ros/humble /usr/bin/cmake --build /workspace/ros2_ws/build/turtlebot3_description -- -j6 -l6
[1.957s] Invoking command in '/workspace/ros2_ws/build/turtlebot3_description': CMAKE_PREFIX_PATH=${CMAKE_PREFIX_PATH}:/workspace/ros2_ws/install/turtlebot3_teleop:/workspace/ros2_ws/install/turtlebot3_example:/opt/ros/humble /usr/bin/cmake --install /workspace/ros2_ws/build/turtlebot3_description
[1.983s] -- Install configuration: ""
[1.983s] -- Execute custom install script
[1.987s] -- Up-to-date symlink: /workspace/ros2_ws/install/turtlebot3_description/share/turtlebot3_description/meshes/bases/burger_base.stl
[1.988s] -- Up-to-date symlink: /workspace/ros2_ws/install/turtlebot3_description/share/turtlebot3_description/meshes/bases/waffle_base.stl
[1.988s] -- Up-to-date symlink: /workspace/ros2_ws/install/turtlebot3_description/share/turtlebot3_description/meshes/bases/waffle_pi_base.stl
[1.988s] -- Up-to-date symlink: /workspace/ros2_ws/install/turtlebot3_description/share/turtlebot3_description/meshes/sensors/astra.dae
[1.988s] -- Up-to-date symlink: /workspace/ros2_ws/install/turtlebot3_description/share/turtlebot3_description/meshes/sensors/astra.jpg
[1.988s] -- Up-to-date symlink: /workspace/ros2_ws/install/turtlebot3_description/share/turtlebot3_description/meshes/sensors/lds.stl
[1.988s] -- Up-to-date symlink: /workspace/ros2_ws/install/turtlebot3_description/share/turtlebot3_description/meshes/sensors/r200.dae
[1.989s] -- Up-to-date symlink: /workspace/ros2_ws/install/turtlebot3_description/share/turtlebot3_description/meshes/sensors/r200.jpg
[1.989s] -- Up-to-date symlink: /workspace/ros2_ws/install/turtlebot3_description/share/turtlebot3_description/meshes/wheels/left_tire.stl
[1.989s] -- Up-to-date symlink: /workspace/ros2_ws/install/turtlebot3_description/share/turtlebot3_description/meshes/wheels/right_tire.stl
[1.990s] -- Up-to-date symlink: /workspace/ros2_ws/install/turtlebot3_description/share/turtlebot3_description/rviz/model.rviz
[1.991s] -- Up-to-date symlink: /workspace/ros2_ws/install/turtlebot3_description/share/turtlebot3_description/urdf/common_properties.urdf
[1.993s] -- Up-to-date symlink: /workspace/ros2_ws/install/turtlebot3_description/share/turtlebot3_description/urdf/turtlebot3_burger.urdf
[1.995s] -- Up-to-date symlink: /workspace/ros2_ws/install/turtlebot3_description/share/turtlebot3_description/urdf/turtlebot3_waffle.urdf
[1.999s] -- Up-to-date symlink: /workspace/ros2_ws/install/turtlebot3_description/share/turtlebot3_description/urdf/turtlebot3_waffle_pi.urdf
[2.000s] -- Up-to-date symlink: /workspace/ros2_ws/install/turtlebot3_description/share/ament_index/resource_index/package_run_dependencies/turtlebot3_description
[2.001s] -- Up-to-date symlink: /workspace/ros2_ws/install/turtlebot3_description/share/ament_index/resource_index/parent_prefix_path/turtlebot3_description
[2.001s] -- Up-to-date symlink: /workspace/ros2_ws/install/turtlebot3_description/share/turtlebot3_description/environment/ament_prefix_path.sh
[2.001s] -- Up-to-date symlink: /workspace/ros2_ws/install/turtlebot3_description/share/turtlebot3_description/environment/ament_prefix_path.dsv
[2.011s] -- Up-to-date symlink: /workspace/ros2_ws/install/turtlebot3_description/share/turtlebot3_description/environment/path.sh
[2.011s] -- Up-to-date symlink: /workspace/ros2_ws/install/turtlebot3_description/share/turtlebot3_description/environment/path.dsv
[2.015s] -- Up-to-date symlink: /workspace/ros2_ws/install/turtlebot3_description/share/turtlebot3_description/local_setup.bash
[2.017s] -- Up-to-date symlink: /workspace/ros2_ws/install/turtlebot3_description/share/turtlebot3_description/local_setup.sh
[2.030s] -- Up-to-date symlink: /workspace/ros2_ws/install/turtlebot3_description/share/turtlebot3_description/local_setup.zsh
[2.030s] -- Up-to-date symlink: /workspace/ros2_ws/install/turtlebot3_description/share/turtlebot3_description/local_setup.dsv
[2.032s] -- Symlinking: /workspace/ros2_ws/install/turtlebot3_description/share/turtlebot3_description/package.dsv
[2.081s] -- Up-to-date symlink: /workspace/ros2_ws/install/turtlebot3_description/share/ament_index/resource_index/packages/turtlebot3_description
[2.081s] -- Up-to-date symlink: /workspace/ros2_ws/install/turtlebot3_description/share/turtlebot3_description/cmake/turtlebot3_descriptionConfig.cmake
[2.081s] -- Up-to-date symlink: /workspace/ros2_ws/install/turtlebot3_description/share/turtlebot3_description/cmake/turtlebot3_descriptionConfig-version.cmake
[2.081s] -- Up-to-date symlink: /workspace/ros2_ws/install/turtlebot3_description/share/turtlebot3_description/package.xml
[2.729s] Invoked command in '/workspace/ros2_ws/build/turtlebot3_description' returned '0': CMAKE_PREFIX_PATH=${CMAKE_PREFIX_PATH}:/workspace/ros2_ws/install/turtlebot3_teleop:/workspace/ros2_ws/install/turtlebot3_example:/opt/ros/humble /usr/bin/cmake --install /workspace/ros2_ws/build/turtlebot3_description
