[4.977s] Invoking command in '/workspace/ros2_ws/src/p3_pkg': PYTHONPATH=/workspace/ros2_ws/build/p3_pkg/prefix_override:/usr/lib/python3/dist-packages/colcon_core/task/python/colcon_distutils_commands:/workspace/ros2_ws/install/p3_pkg/lib/python3.10/site-packages:${PYTHONPATH} /usr/bin/python3 -W ignore:setup.py install is deprecated -W ignore:easy_install command is deprecated setup.py egg_info --egg-base ../../build/p3_pkg build --build-base /workspace/ros2_ws/build/p3_pkg/build install --record /workspace/ros2_ws/build/p3_pkg/install.log --single-version-externally-managed install_data
[7.566s] running egg_info
[7.569s] writing ../../build/p3_pkg/p3_pkg.egg-info/PKG-INFO
[7.570s] writing dependency_links to ../../build/p3_pkg/p3_pkg.egg-info/dependency_links.txt
[7.574s] writing entry points to ../../build/p3_pkg/p3_pkg.egg-info/entry_points.txt
[7.574s] writing requirements to ../../build/p3_pkg/p3_pkg.egg-info/requires.txt
[7.577s] writing top-level names to ../../build/p3_pkg/p3_pkg.egg-info/top_level.txt
[7.597s] reading manifest file '../../build/p3_pkg/p3_pkg.egg-info/SOURCES.txt'
[7.599s] writing manifest file '../../build/p3_pkg/p3_pkg.egg-info/SOURCES.txt'
[7.599s] running build
[7.600s] running build_py
[7.600s] copying p3_pkg/movimiento.py -> /workspace/ros2_ws/build/p3_pkg/build/lib/p3_pkg
[7.603s] running install
[7.612s] running install_lib
[7.615s] copying /workspace/ros2_ws/build/p3_pkg/build/lib/p3_pkg/movimiento.py -> /workspace/ros2_ws/install/p3_pkg/lib/python3.10/site-packages/p3_pkg
[7.626s] byte-compiling /workspace/ros2_ws/install/p3_pkg/lib/python3.10/site-packages/p3_pkg/movimiento.py to movimiento.cpython-310.pyc
[7.633s] running install_data
[7.633s] running install_egg_info
[7.658s] removing '/workspace/ros2_ws/install/p3_pkg/lib/python3.10/site-packages/p3_pkg-0.0.0-py3.10.egg-info' (and everything under it)
[7.661s] Copying ../../build/p3_pkg/p3_pkg.egg-info to /workspace/ros2_ws/install/p3_pkg/lib/python3.10/site-packages/p3_pkg-0.0.0-py3.10.egg-info
[7.716s] running install_scripts
[7.775s] Installing dibuja_mov script to /workspace/ros2_ws/install/p3_pkg/lib/p3_pkg
[7.776s] Installing movimiento script to /workspace/ros2_ws/install/p3_pkg/lib/p3_pkg
[7.794s] writing list of installed files to '/workspace/ros2_ws/build/p3_pkg/install.log'
[8.075s] Invoked command in '/workspace/ros2_ws/src/p3_pkg' returned '0': PYTHONPATH=/workspace/ros2_ws/build/p3_pkg/prefix_override:/usr/lib/python3/dist-packages/colcon_core/task/python/colcon_distutils_commands:/workspace/ros2_ws/install/p3_pkg/lib/python3.10/site-packages:${PYTHONPATH} /usr/bin/python3 -W ignore:setup.py install is deprecated -W ignore:easy_install command is deprecated setup.py egg_info --egg-base ../../build/p3_pkg build --build-base /workspace/ros2_ws/build/p3_pkg/build install --record /workspace/ros2_ws/build/p3_pkg/install.log --single-version-externally-managed install_data
