[0.062s] Invoking command in '/workspace/ros2_ws/build/turtlebot3_cartographer': CMAKE_PREFIX_PATH=${CMAKE_PREFIX_PATH}:/workspace/ros2_ws/install/turtlebot3_teleop:/workspace/ros2_ws/install/turtlebot3_example:/opt/ros/humble /usr/bin/cmake --build /workspace/ros2_ws/build/turtlebot3_cartographer -- -j5 -l5
[0.217s] -- Found ament_cmake: 1.3.13 (/opt/ros/humble/share/ament_cmake/cmake)
[0.479s] -- Override CMake install command with custom implementation using symlinks instead of copying resources
[0.649s] -- Configuring done
[0.656s] -- Generating done
[0.660s] -- Build files have been written to: /workspace/ros2_ws/build/turtlebot3_cartographer
[0.701s] Invoked command in '/workspace/ros2_ws/build/turtlebot3_cartographer' returned '0': CMAKE_PREFIX_PATH=${CMAKE_PREFIX_PATH}:/workspace/ros2_ws/install/turtlebot3_teleop:/workspace/ros2_ws/install/turtlebot3_example:/opt/ros/humble /usr/bin/cmake --build /workspace/ros2_ws/build/turtlebot3_cartographer -- -j5 -l5
[0.723s] Invoking command in '/workspace/ros2_ws/build/turtlebot3_cartographer': CMAKE_PREFIX_PATH=${CMAKE_PREFIX_PATH}:/workspace/ros2_ws/install/turtlebot3_teleop:/workspace/ros2_ws/install/turtlebot3_example:/opt/ros/humble /usr/bin/cmake --install /workspace/ros2_ws/build/turtlebot3_cartographer
[0.738s] -- Install configuration: ""
[0.738s] -- Execute custom install script
[0.739s] -- Up-to-date symlink: /workspace/ros2_ws/install/turtlebot3_cartographer/share/turtlebot3_cartographer/config/turtlebot3_lds_2d.lua
[0.739s] -- Up-to-date symlink: /workspace/ros2_ws/install/turtlebot3_cartographer/share/turtlebot3_cartographer/launch/cartographer.launch.py
[0.739s] -- Up-to-date symlink: /workspace/ros2_ws/install/turtlebot3_cartographer/share/turtlebot3_cartographer/launch/occupancy_grid.launch.py
[0.741s] -- Up-to-date symlink: /workspace/ros2_ws/install/turtlebot3_cartographer/share/turtlebot3_cartographer/rviz/tb3_cartographer.rviz
[0.742s] -- Up-to-date symlink: /workspace/ros2_ws/install/turtlebot3_cartographer/share/ament_index/resource_index/package_run_dependencies/turtlebot3_cartographer
[0.743s] -- Up-to-date symlink: /workspace/ros2_ws/install/turtlebot3_cartographer/share/ament_index/resource_index/parent_prefix_path/turtlebot3_cartographer
[0.743s] -- Up-to-date symlink: /workspace/ros2_ws/install/turtlebot3_cartographer/share/turtlebot3_cartographer/environment/ament_prefix_path.sh
[0.743s] -- Up-to-date symlink: /workspace/ros2_ws/install/turtlebot3_cartographer/share/turtlebot3_cartographer/environment/ament_prefix_path.dsv
[0.745s] -- Up-to-date symlink: /workspace/ros2_ws/install/turtlebot3_cartographer/share/turtlebot3_cartographer/environment/path.sh
[0.746s] -- Up-to-date symlink: /workspace/ros2_ws/install/turtlebot3_cartographer/share/turtlebot3_cartographer/environment/path.dsv
[0.746s] -- Up-to-date symlink: /workspace/ros2_ws/install/turtlebot3_cartographer/share/turtlebot3_cartographer/local_setup.bash
[0.746s] -- Up-to-date symlink: /workspace/ros2_ws/install/turtlebot3_cartographer/share/turtlebot3_cartographer/local_setup.sh
[0.746s] -- Up-to-date symlink: /workspace/ros2_ws/install/turtlebot3_cartographer/share/turtlebot3_cartographer/local_setup.zsh
[0.747s] -- Up-to-date symlink: /workspace/ros2_ws/install/turtlebot3_cartographer/share/turtlebot3_cartographer/local_setup.dsv
[0.747s] -- Symlinking: /workspace/ros2_ws/install/turtlebot3_cartographer/share/turtlebot3_cartographer/package.dsv
[0.767s] -- Up-to-date symlink: /workspace/ros2_ws/install/turtlebot3_cartographer/share/ament_index/resource_index/packages/turtlebot3_cartographer
[0.767s] -- Up-to-date symlink: /workspace/ros2_ws/install/turtlebot3_cartographer/share/turtlebot3_cartographer/cmake/turtlebot3_cartographerConfig.cmake
[0.767s] -- Up-to-date symlink: /workspace/ros2_ws/install/turtlebot3_cartographer/share/turtlebot3_cartographer/cmake/turtlebot3_cartographerConfig-version.cmake
[0.767s] -- Up-to-date symlink: /workspace/ros2_ws/install/turtlebot3_cartographer/share/turtlebot3_cartographer/package.xml
[0.773s] Invoked command in '/workspace/ros2_ws/build/turtlebot3_cartographer' returned '0': CMAKE_PREFIX_PATH=${CMAKE_PREFIX_PATH}:/workspace/ros2_ws/install/turtlebot3_teleop:/workspace/ros2_ws/install/turtlebot3_example:/opt/ros/humble /usr/bin/cmake --install /workspace/ros2_ws/build/turtlebot3_cartographer
