[0.000000] (-) TimerEvent: {}
[0.000092] (-) JobUnselected: {'identifier': 'turtlebot3'}
[0.000130] (-) JobUnselected: {'identifier': 'turtlebot3_bringup'}
[0.000157] (-) JobUnselected: {'identifier': 'turtlebot3_cartographer'}
[0.000184] (-) JobUnselected: {'identifier': 'turtlebot3_description'}
[0.000209] (-) JobUnselected: {'identifier': 'turtlebot3_example'}
[0.000232] (-) JobUnselected: {'identifier': 'turtlebot3_fake_node'}
[0.000255] (-) JobUnselected: {'identifier': 'turtlebot3_gazebo'}
[0.000278] (-) JobUnselected: {'identifier': 'turtlebot3_manipulation_gazebo'}
[0.000301] (-) JobUnselected: {'identifier': 'turtlebot3_msgs'}
[0.000324] (-) JobUnselected: {'identifier': 'turtlebot3_navigation2'}
[0.000346] (-) JobUnselected: {'identifier': 'turtlebot3_node'}
[0.000369] (-) JobUnselected: {'identifier': 'turtlebot3_simulations'}
[0.000390] (-) JobUnselected: {'identifier': 'turtlebot3_teleop'}
[0.000416] (maze_pkg) JobQueued: {'identifier': 'maze_pkg', 'dependencies': OrderedDict([('turtlebot3_gazebo', '/workspace/ros2_ws/install/turtlebot3_gazebo')])}
[0.000446] (maze_pkg) JobStarted: {'identifier': 'maze_pkg'}
[0.099804] (-) TimerEvent: {}
[0.200486] (-) TimerEvent: {}
[0.301266] (-) TimerEvent: {}
[0.401774] (-) TimerEvent: {}
[0.502247] (-) TimerEvent: {}
[0.604627] (-) TimerEvent: {}
[0.707790] (-) TimerEvent: {}
[0.808069] (-) TimerEvent: {}
[0.867125] (maze_pkg) Command: {'cmd': ['/usr/bin/python3', '-W', 'ignore:setup.py install is deprecated', '-W', 'ignore:easy_install command is deprecated', 'setup.py', 'egg_info', '--egg-base', '../../build/maze_pkg', 'build', '--build-base', '/workspace/ros2_ws/build/maze_pkg/build', 'install', '--record', '/workspace/ros2_ws/build/maze_pkg/install.log', '--single-version-externally-managed', 'install_data'], 'cwd': '/workspace/ros2_ws/src/maze_pkg', 'env': {'HOSTNAME': 'carlos', 'SHLVL': '0', 'LD_LIBRARY_PATH': '/usr/lib/x86_64-linux-gnu/gazebo-11/plugins:/opt/ros/humble/opt/rviz_ogre_vendor/lib:/opt/ros/humble/lib/x86_64-linux-gnu:/opt/ros/humble/lib', 'HOME': '/home/carlos-docker', 'OLDPWD': '/workspace', 'ROS_PYTHON_VERSION': '3', 'LC_CTYPE': 'C.UTF-8', 'ROS_DISTRO': 'humble', '_': '/usr/bin/colcon', 'ROS_VERSION': '2', 'TERM': 'xterm-256color', 'ROS_LOCALHOST_ONLY': '0', 'PATH': '/opt/ros/humble/bin:/usr/local/sbin:/usr/local/bin:/usr/sbin:/usr/bin:/sbin:/bin', 'DISPLAY': ':0', 'AMENT_PREFIX_PATH': '/workspace/ros2_ws/install/turtlebot3_gazebo:/opt/ros/humble', 'DEBIAN_FRONTEND': 'noninteractive', 'PWD': '/workspace/ros2_ws/build/maze_pkg', 'PYTHONPATH': '/workspace/ros2_ws/build/maze_pkg/prefix_override:/usr/lib/python3/dist-packages/colcon_core/task/python/colcon_distutils_commands:/workspace/ros2_ws/install/maze_pkg/lib/python3.10/site-packages:/opt/ros/humble/lib/python3.10/site-packages:/opt/ros/humble/local/lib/python3.10/dist-packages', 'TZ': 'Europe/Madrid', 'COLCON': '1', 'CMAKE_PREFIX_PATH': '/workspace/ros2_ws/install/turtlebot3_gazebo'}, 'shell': False}
[0.908301] (-) TimerEvent: {}
[1.008651] (-) TimerEvent: {}
[1.109526] (-) TimerEvent: {}
[1.202639] (maze_pkg) StdoutLine: {'line': b'running egg_info\n'}
[1.206555] (maze_pkg) StdoutLine: {'line': b'writing ../../build/maze_pkg/maze_pkg.egg-info/PKG-INFO\n'}
[1.206746] (maze_pkg) StdoutLine: {'line': b'writing dependency_links to ../../build/maze_pkg/maze_pkg.egg-info/dependency_links.txt\n'}
[1.206868] (maze_pkg) StdoutLine: {'line': b'writing entry points to ../../build/maze_pkg/maze_pkg.egg-info/entry_points.txt\n'}
[1.206936] (maze_pkg) StdoutLine: {'line': b'writing requirements to ../../build/maze_pkg/maze_pkg.egg-info/requires.txt\n'}
[1.207000] (maze_pkg) StdoutLine: {'line': b'writing top-level names to ../../build/maze_pkg/maze_pkg.egg-info/top_level.txt\n'}
[1.207376] (maze_pkg) StdoutLine: {'line': b"reading manifest file '../../build/maze_pkg/maze_pkg.egg-info/SOURCES.txt'\n"}
[1.208886] (maze_pkg) StdoutLine: {'line': b"writing manifest file '../../build/maze_pkg/maze_pkg.egg-info/SOURCES.txt'\n"}
[1.209041] (maze_pkg) StdoutLine: {'line': b'running build\n'}
[1.209107] (maze_pkg) StdoutLine: {'line': b'running build_py\n'}
[1.210363] (-) TimerEvent: {}
[1.211080] (maze_pkg) StdoutLine: {'line': b'running install\n'}
[1.212414] (maze_pkg) StdoutLine: {'line': b'running install_lib\n'}
[1.212535] (maze_pkg) StdoutLine: {'line': b'running install_data\n'}
[1.212617] (maze_pkg) StdoutLine: {'line': b'copying worlds/custom_maze.world -> /workspace/ros2_ws/install/maze_pkg/share/maze_pkg/worlds\n'}
[1.214047] (maze_pkg) StdoutLine: {'line': b'running install_egg_info\n'}
[1.215614] (maze_pkg) StdoutLine: {'line': b"removing '/workspace/ros2_ws/install/maze_pkg/lib/python3.10/site-packages/maze_pkg-0.0.1-py3.10.egg-info' (and everything under it)\n"}
[1.218165] (maze_pkg) StdoutLine: {'line': b'Copying ../../build/maze_pkg/maze_pkg.egg-info to /workspace/ros2_ws/install/maze_pkg/lib/python3.10/site-packages/maze_pkg-0.0.1-py3.10.egg-info\n'}
[1.219094] (maze_pkg) StdoutLine: {'line': b'running install_scripts\n'}
[1.248451] (maze_pkg) StdoutLine: {'line': b'Installing res_maze script to /workspace/ros2_ws/install/maze_pkg/lib/maze_pkg\n'}
[1.248672] (maze_pkg) StdoutLine: {'line': b"writing list of installed files to '/workspace/ros2_ws/build/maze_pkg/install.log'\n"}
[1.276258] (maze_pkg) CommandEnded: {'returncode': 0}
[1.303537] (maze_pkg) JobEnded: {'identifier': 'maze_pkg', 'rc': 0}
[1.306394] (-) EventReactorShutdown: {}
