[3.244s] Invoking command in '/workspace/ros2_ws/src/p3_pkg': PYTHONPATH=/workspace/ros2_ws/build/p3_pkg/prefix_override:/usr/lib/python3/dist-packages/colcon_core/task/python/colcon_distutils_commands:/workspace/ros2_ws/install/p3_pkg/lib/python3.10/site-packages:${PYTHONPATH} /usr/bin/python3 -W ignore:setup.py install is deprecated -W ignore:easy_install command is deprecated setup.py egg_info --egg-base ../../build/p3_pkg build --build-base /workspace/ros2_ws/build/p3_pkg/build install --record /workspace/ros2_ws/build/p3_pkg/install.log --single-version-externally-managed install_data
[4.626s] running egg_info
[4.631s] writing ../../build/p3_pkg/p3_pkg.egg-info/PKG-INFO
[4.632s] writing dependency_links to ../../build/p3_pkg/p3_pkg.egg-info/dependency_links.txt
[4.632s] writing entry points to ../../build/p3_pkg/p3_pkg.egg-info/entry_points.txt
[4.632s] writing requirements to ../../build/p3_pkg/p3_pkg.egg-info/requires.txt
[4.634s] writing top-level names to ../../build/p3_pkg/p3_pkg.egg-info/top_level.txt
[4.645s] reading manifest file '../../build/p3_pkg/p3_pkg.egg-info/SOURCES.txt'
[4.649s] writing manifest file '../../build/p3_pkg/p3_pkg.egg-info/SOURCES.txt'
[4.649s] running build
[4.650s] running build_py
[4.650s] copying p3_pkg/movimiento.py -> /workspace/ros2_ws/build/p3_pkg/build/lib/p3_pkg
[4.688s] running install
[4.689s] running install_lib
[4.689s] copying /workspace/ros2_ws/build/p3_pkg/build/lib/p3_pkg/movimiento.py -> /workspace/ros2_ws/install/p3_pkg/lib/python3.10/site-packages/p3_pkg
[4.690s] byte-compiling /workspace/ros2_ws/install/p3_pkg/lib/python3.10/site-packages/p3_pkg/movimiento.py to movimiento.cpython-310.pyc
[4.696s] running install_data
[4.696s] running install_egg_info
[4.705s] removing '/workspace/ros2_ws/install/p3_pkg/lib/python3.10/site-packages/p3_pkg-0.0.0-py3.10.egg-info' (and everything under it)
[4.706s] Copying ../../build/p3_pkg/p3_pkg.egg-info to /workspace/ros2_ws/install/p3_pkg/lib/python3.10/site-packages/p3_pkg-0.0.0-py3.10.egg-info
[4.708s] running install_scripts
[4.880s] Installing dibuja_mov script to /workspace/ros2_ws/install/p3_pkg/lib/p3_pkg
[4.885s] Installing movimiento script to /workspace/ros2_ws/install/p3_pkg/lib/p3_pkg
[4.892s] writing list of installed files to '/workspace/ros2_ws/build/p3_pkg/install.log'
[4.979s] Invoked command in '/workspace/ros2_ws/src/p3_pkg' returned '0': PYTHONPATH=/workspace/ros2_ws/build/p3_pkg/prefix_override:/usr/lib/python3/dist-packages/colcon_core/task/python/colcon_distutils_commands:/workspace/ros2_ws/install/p3_pkg/lib/python3.10/site-packages:${PYTHONPATH} /usr/bin/python3 -W ignore:setup.py install is deprecated -W ignore:easy_install command is deprecated setup.py egg_info --egg-base ../../build/p3_pkg build --build-base /workspace/ros2_ws/build/p3_pkg/build install --record /workspace/ros2_ws/build/p3_pkg/install.log --single-version-externally-managed install_data
