[1.561s] Invoking command in '/workspace/ros2_ws/src/maze_pkg': AMENT_PREFIX_PATH=/workspace/ros2_ws/install/turtlebot3_gazebo:${AMENT_PREFIX_PATH} CMAKE_PREFIX_PATH=/workspace/ros2_ws/install/turtlebot3_gazebo PYTHONPATH=/workspace/ros2_ws/build/maze_pkg/prefix_override:/usr/lib/python3/dist-packages/colcon_core/task/python/colcon_distutils_commands:/workspace/ros2_ws/install/maze_pkg/lib/python3.10/site-packages:${PYTHONPATH} /usr/bin/python3 -W ignore:setup.py install is deprecated -W ignore:easy_install command is deprecated setup.py egg_info --egg-base ../../build/maze_pkg build --build-base /workspace/ros2_ws/build/maze_pkg/build install --record /workspace/ros2_ws/build/maze_pkg/install.log --single-version-externally-managed install_data
[1.993s] running egg_info
[1.993s] writing ../../build/maze_pkg/maze_pkg.egg-info/PKG-INFO
[1.993s] writing dependency_links to ../../build/maze_pkg/maze_pkg.egg-info/dependency_links.txt
[1.993s] writing entry points to ../../build/maze_pkg/maze_pkg.egg-info/entry_points.txt
[1.994s] writing requirements to ../../build/maze_pkg/maze_pkg.egg-info/requires.txt
[1.996s] writing top-level names to ../../build/maze_pkg/maze_pkg.egg-info/top_level.txt
[1.997s] reading manifest file '../../build/maze_pkg/maze_pkg.egg-info/SOURCES.txt'
[1.997s] writing manifest file '../../build/maze_pkg/maze_pkg.egg-info/SOURCES.txt'
[1.997s] running build
[1.997s] running build_py
[1.998s] copying maze_pkg/res_maze.py -> /workspace/ros2_ws/build/maze_pkg/build/lib/maze_pkg
[1.998s] running install
[1.998s] running install_lib
[2.000s] copying /workspace/ros2_ws/build/maze_pkg/build/lib/maze_pkg/res_maze.py -> /workspace/ros2_ws/install/maze_pkg/lib/python3.10/site-packages/maze_pkg
[2.000s] byte-compiling /workspace/ros2_ws/install/maze_pkg/lib/python3.10/site-packages/maze_pkg/res_maze.py to res_maze.cpython-310.pyc
[2.002s]   File "/workspace/ros2_ws/install/maze_pkg/lib/python3.10/site-packages/maze_pkg/res_maze.py", line 149
[2.002s]     self.right_wall_acquired
[2.002s]     ^^^^^^^^^^^^^^^^^^^^^^^^^^^^^^^^^^^^^^^^^
[2.002s] SyntaxError: invalid syntax. Perhaps you forgot a comma?
[2.002s] 
[2.005s] running install_data
[2.005s] running install_egg_info
[2.005s] removing '/workspace/ros2_ws/install/maze_pkg/lib/python3.10/site-packages/maze_pkg-0.0.1-py3.10.egg-info' (and everything under it)
[2.006s] Copying ../../build/maze_pkg/maze_pkg.egg-info to /workspace/ros2_ws/install/maze_pkg/lib/python3.10/site-packages/maze_pkg-0.0.1-py3.10.egg-info
[2.006s] running install_scripts
[2.036s] Installing res_maze script to /workspace/ros2_ws/install/maze_pkg/lib/maze_pkg
[2.037s] writing list of installed files to '/workspace/ros2_ws/build/maze_pkg/install.log'
[2.063s] Invoked command in '/workspace/ros2_ws/src/maze_pkg' returned '0': AMENT_PREFIX_PATH=/workspace/ros2_ws/install/turtlebot3_gazebo:${AMENT_PREFIX_PATH} CMAKE_PREFIX_PATH=/workspace/ros2_ws/install/turtlebot3_gazebo PYTHONPATH=/workspace/ros2_ws/build/maze_pkg/prefix_override:/usr/lib/python3/dist-packages/colcon_core/task/python/colcon_distutils_commands:/workspace/ros2_ws/install/maze_pkg/lib/python3.10/site-packages:${PYTHONPATH} /usr/bin/python3 -W ignore:setup.py install is deprecated -W ignore:easy_install command is deprecated setup.py egg_info --egg-base ../../build/maze_pkg build --build-base /workspace/ros2_ws/build/maze_pkg/build install --record /workspace/ros2_ws/build/maze_pkg/install.log --single-version-externally-managed install_data
