[0.701s] Invoking command in '/workspace/ros2_ws/src/maze_pkg': CMAKE_PREFIX_PATH=/workspace/ros2_ws/install/turtlebot3_gazebo:/workspace/ros2_ws/install/turtlebot3:/workspace/ros2_ws/install/turtlebot3_simulations:/workspace/ros2_ws/install/turtlebot3_bringup:/workspace/ros2_ws/install/turtlebot3_node:/workspace/ros2_ws/install/turtlebot3_navigation2:/workspace/ros2_ws/install/turtlebot3_fake_node:/workspace/ros2_ws/install/turtlebot3_msgs:/workspace/ros2_ws/install/turtlebot3_manipulation_gazebo:/workspace/ros2_ws/install/turtlebot3_description:/workspace/ros2_ws/install/turtlebot3_cartographer PYTHONPATH=/workspace/ros2_ws/build/maze_pkg/prefix_override:/usr/lib/python3/dist-packages/colcon_core/task/python/colcon_distutils_commands:/workspace/ros2_ws/install/maze_pkg/lib/python3.10/site-packages:${PYTHONPATH} /usr/bin/python3 -W ignore:setup.py install is deprecated -W ignore:easy_install command is deprecated setup.py egg_info --egg-base ../../build/maze_pkg build --build-base /workspace/ros2_ws/build/maze_pkg/build install --record /workspace/ros2_ws/build/maze_pkg/install.log --single-version-externally-managed install_data
[0.921s] running egg_info
[0.922s] writing ../../build/maze_pkg/maze_pkg.egg-info/PKG-INFO
[0.922s] writing dependency_links to ../../build/maze_pkg/maze_pkg.egg-info/dependency_links.txt
[0.923s] writing entry points to ../../build/maze_pkg/maze_pkg.egg-info/entry_points.txt
[0.923s] writing requirements to ../../build/maze_pkg/maze_pkg.egg-info/requires.txt
[0.923s] writing top-level names to ../../build/maze_pkg/maze_pkg.egg-info/top_level.txt
[0.924s] reading manifest file '../../build/maze_pkg/maze_pkg.egg-info/SOURCES.txt'
[0.924s] writing manifest file '../../build/maze_pkg/maze_pkg.egg-info/SOURCES.txt'
[0.925s] running build
[0.925s] running build_py
[0.925s] running install
[0.925s] running install_lib
[0.926s] running install_data
[0.927s] running install_egg_info
[0.929s] removing '/workspace/ros2_ws/install/maze_pkg/lib/python3.10/site-packages/maze_pkg-0.0.1-py3.10.egg-info' (and everything under it)
[0.932s] Copying ../../build/maze_pkg/maze_pkg.egg-info to /workspace/ros2_ws/install/maze_pkg/lib/python3.10/site-packages/maze_pkg-0.0.1-py3.10.egg-info
[0.932s] running install_scripts
[0.949s] Installing res_maze script to /workspace/ros2_ws/install/maze_pkg/lib/maze_pkg
[0.950s] writing list of installed files to '/workspace/ros2_ws/build/maze_pkg/install.log'
[0.966s] Invoked command in '/workspace/ros2_ws/src/maze_pkg' returned '0': CMAKE_PREFIX_PATH=/workspace/ros2_ws/install/turtlebot3_gazebo:/workspace/ros2_ws/install/turtlebot3:/workspace/ros2_ws/install/turtlebot3_simulations:/workspace/ros2_ws/install/turtlebot3_bringup:/workspace/ros2_ws/install/turtlebot3_node:/workspace/ros2_ws/install/turtlebot3_navigation2:/workspace/ros2_ws/install/turtlebot3_fake_node:/workspace/ros2_ws/install/turtlebot3_msgs:/workspace/ros2_ws/install/turtlebot3_manipulation_gazebo:/workspace/ros2_ws/install/turtlebot3_description:/workspace/ros2_ws/install/turtlebot3_cartographer PYTHONPATH=/workspace/ros2_ws/build/maze_pkg/prefix_override:/usr/lib/python3/dist-packages/colcon_core/task/python/colcon_distutils_commands:/workspace/ros2_ws/install/maze_pkg/lib/python3.10/site-packages:${PYTHONPATH} /usr/bin/python3 -W ignore:setup.py install is deprecated -W ignore:easy_install command is deprecated setup.py egg_info --egg-base ../../build/maze_pkg build --build-base /workspace/ros2_ws/build/maze_pkg/build install --record /workspace/ros2_ws/build/maze_pkg/install.log --single-version-externally-managed install_data
