[5.044s] Invoking command in '/workspace/ros2_ws/src/p3_pkg': PYTHONPATH=/workspace/ros2_ws/build/p3_pkg/prefix_override:/usr/lib/python3/dist-packages/colcon_core/task/python/colcon_distutils_commands:/workspace/ros2_ws/install/p3_pkg/lib/python3.10/site-packages:${PYTHONPATH} /usr/bin/python3 -W ignore:setup.py install is deprecated -W ignore:easy_install command is deprecated setup.py egg_info --egg-base ../../build/p3_pkg build --build-base /workspace/ros2_ws/build/p3_pkg/build install --record /workspace/ros2_ws/build/p3_pkg/install.log --single-version-externally-managed install_data
[6.360s] running egg_info
[6.362s] writing ../../build/p3_pkg/p3_pkg.egg-info/PKG-INFO
[6.362s] writing dependency_links to ../../build/p3_pkg/p3_pkg.egg-info/dependency_links.txt
[6.362s] writing entry points to ../../build/p3_pkg/p3_pkg.egg-info/entry_points.txt
[6.362s] writing requirements to ../../build/p3_pkg/p3_pkg.egg-info/requires.txt
[6.363s] writing top-level names to ../../build/p3_pkg/p3_pkg.egg-info/top_level.txt
[6.363s] reading manifest file '../../build/p3_pkg/p3_pkg.egg-info/SOURCES.txt'
[6.363s] writing manifest file '../../build/p3_pkg/p3_pkg.egg-info/SOURCES.txt'
[6.363s] running build
[6.363s] running build_py
[6.363s] copying p3_pkg/movimiento.py -> /workspace/ros2_ws/build/p3_pkg/build/lib/p3_pkg
[6.364s] running install
[6.364s] running install_lib
[6.364s] copying /workspace/ros2_ws/build/p3_pkg/build/lib/p3_pkg/movimiento.py -> /workspace/ros2_ws/install/p3_pkg/lib/python3.10/site-packages/p3_pkg
[6.364s] byte-compiling /workspace/ros2_ws/install/p3_pkg/lib/python3.10/site-packages/p3_pkg/movimiento.py to movimiento.cpython-310.pyc
[6.366s] running install_data
[6.367s] running install_egg_info
[6.379s] removing '/workspace/ros2_ws/install/p3_pkg/lib/python3.10/site-packages/p3_pkg-0.0.0-py3.10.egg-info' (and everything under it)
[6.379s] Copying ../../build/p3_pkg/p3_pkg.egg-info to /workspace/ros2_ws/install/p3_pkg/lib/python3.10/site-packages/p3_pkg-0.0.0-py3.10.egg-info
[6.379s] running install_scripts
[6.516s] Installing dibuja_mov script to /workspace/ros2_ws/install/p3_pkg/lib/p3_pkg
[6.518s] Installing movimiento script to /workspace/ros2_ws/install/p3_pkg/lib/p3_pkg
[6.526s] writing list of installed files to '/workspace/ros2_ws/build/p3_pkg/install.log'
[6.619s] Invoked command in '/workspace/ros2_ws/src/p3_pkg' returned '0': PYTHONPATH=/workspace/ros2_ws/build/p3_pkg/prefix_override:/usr/lib/python3/dist-packages/colcon_core/task/python/colcon_distutils_commands:/workspace/ros2_ws/install/p3_pkg/lib/python3.10/site-packages:${PYTHONPATH} /usr/bin/python3 -W ignore:setup.py install is deprecated -W ignore:easy_install command is deprecated setup.py egg_info --egg-base ../../build/p3_pkg build --build-base /workspace/ros2_ws/build/p3_pkg/build install --record /workspace/ros2_ws/build/p3_pkg/install.log --single-version-externally-managed install_data
