[0.051s] Invoking command in '/workspace/ros2_ws/build/turtlebot3_simulations': CMAKE_PREFIX_PATH=/workspace/ros2_ws/install/turtlebot3_fake_node:/workspace/ros2_ws/install/turtlebot3_msgs:/workspace/ros2_ws/install/turtlebot3_manipulation_gazebo:/workspace/ros2_ws/install/turtlebot3_gazebo:/workspace/ros2_ws/install/turtlebot3:/workspace/ros2_ws/install/turtlebot3_simulations:/workspace/ros2_ws/install/turtlebot3_bringup:/workspace/ros2_ws/install/turtlebot3_node:/workspace/ros2_ws/install/turtlebot3_navigation2:/workspace/ros2_ws/install/turtlebot3_description:/workspace/ros2_ws/install/turtlebot3_cartographer:/workspace/ros2_ws/install/turtlebot3_teleop:/workspace/ros2_ws/install/turtlebot3_example:/opt/ros/humble /usr/bin/cmake --build /workspace/ros2_ws/build/turtlebot3_simulations -- -j5 -l5
[0.094s] -- Found ament_cmake: 1.3.13 (/opt/ros/humble/share/ament_cmake/cmake)
[0.296s] -- Override CMake install command with custom implementation using symlinks instead of copying resources
[0.409s] -- Configuring done
[0.413s] -- Generating done
[0.415s] -- Build files have been written to: /workspace/ros2_ws/build/turtlebot3_simulations
[0.462s] Invoked command in '/workspace/ros2_ws/build/turtlebot3_simulations' returned '0': CMAKE_PREFIX_PATH=/workspace/ros2_ws/install/turtlebot3_fake_node:/workspace/ros2_ws/install/turtlebot3_msgs:/workspace/ros2_ws/install/turtlebot3_manipulation_gazebo:/workspace/ros2_ws/install/turtlebot3_gazebo:/workspace/ros2_ws/install/turtlebot3:/workspace/ros2_ws/install/turtlebot3_simulations:/workspace/ros2_ws/install/turtlebot3_bringup:/workspace/ros2_ws/install/turtlebot3_node:/workspace/ros2_ws/install/turtlebot3_navigation2:/workspace/ros2_ws/install/turtlebot3_description:/workspace/ros2_ws/install/turtlebot3_cartographer:/workspace/ros2_ws/install/turtlebot3_teleop:/workspace/ros2_ws/install/turtlebot3_example:/opt/ros/humble /usr/bin/cmake --build /workspace/ros2_ws/build/turtlebot3_simulations -- -j5 -l5
[0.463s] Invoking command in '/workspace/ros2_ws/build/turtlebot3_simulations': CMAKE_PREFIX_PATH=/workspace/ros2_ws/install/turtlebot3_fake_node:/workspace/ros2_ws/install/turtlebot3_msgs:/workspace/ros2_ws/install/turtlebot3_manipulation_gazebo:/workspace/ros2_ws/install/turtlebot3_gazebo:/workspace/ros2_ws/install/turtlebot3:/workspace/ros2_ws/install/turtlebot3_simulations:/workspace/ros2_ws/install/turtlebot3_bringup:/workspace/ros2_ws/install/turtlebot3_node:/workspace/ros2_ws/install/turtlebot3_navigation2:/workspace/ros2_ws/install/turtlebot3_description:/workspace/ros2_ws/install/turtlebot3_cartographer:/workspace/ros2_ws/install/turtlebot3_teleop:/workspace/ros2_ws/install/turtlebot3_example:/opt/ros/humble /usr/bin/cmake --install /workspace/ros2_ws/build/turtlebot3_simulations
[0.485s] -- Install configuration: ""
[0.486s] -- Execute custom install script
[0.486s] -- Up-to-date symlink: /workspace/ros2_ws/install/turtlebot3_simulations/share/ament_index/resource_index/package_run_dependencies/turtlebot3_simulations
[0.486s] -- Up-to-date symlink: /workspace/ros2_ws/install/turtlebot3_simulations/share/ament_index/resource_index/parent_prefix_path/turtlebot3_simulations
[0.486s] -- Up-to-date symlink: /workspace/ros2_ws/install/turtlebot3_simulations/share/turtlebot3_simulations/environment/ament_prefix_path.sh
[0.486s] -- Up-to-date symlink: /workspace/ros2_ws/install/turtlebot3_simulations/share/turtlebot3_simulations/environment/ament_prefix_path.dsv
[0.486s] -- Up-to-date symlink: /workspace/ros2_ws/install/turtlebot3_simulations/share/turtlebot3_simulations/environment/path.sh
[0.486s] -- Up-to-date symlink: /workspace/ros2_ws/install/turtlebot3_simulations/share/turtlebot3_simulations/environment/path.dsv
[0.486s] -- Up-to-date symlink: /workspace/ros2_ws/install/turtlebot3_simulations/share/turtlebot3_simulations/local_setup.bash
[0.486s] -- Up-to-date symlink: /workspace/ros2_ws/install/turtlebot3_simulations/share/turtlebot3_simulations/local_setup.sh
[0.487s] -- Up-to-date symlink: /workspace/ros2_ws/install/turtlebot3_simulations/share/turtlebot3_simulations/local_setup.zsh
[0.487s] -- Up-to-date symlink: /workspace/ros2_ws/install/turtlebot3_simulations/share/turtlebot3_simulations/local_setup.dsv
[0.487s] -- Symlinking: /workspace/ros2_ws/install/turtlebot3_simulations/share/turtlebot3_simulations/package.dsv
[0.496s] -- Up-to-date symlink: /workspace/ros2_ws/install/turtlebot3_simulations/share/ament_index/resource_index/packages/turtlebot3_simulations
[0.497s] -- Up-to-date symlink: /workspace/ros2_ws/install/turtlebot3_simulations/share/turtlebot3_simulations/cmake/turtlebot3_simulationsConfig.cmake
[0.497s] -- Up-to-date symlink: /workspace/ros2_ws/install/turtlebot3_simulations/share/turtlebot3_simulations/cmake/turtlebot3_simulationsConfig-version.cmake
[0.497s] -- Up-to-date symlink: /workspace/ros2_ws/install/turtlebot3_simulations/share/turtlebot3_simulations/package.xml
[0.500s] Invoked command in '/workspace/ros2_ws/build/turtlebot3_simulations' returned '0': CMAKE_PREFIX_PATH=/workspace/ros2_ws/install/turtlebot3_fake_node:/workspace/ros2_ws/install/turtlebot3_msgs:/workspace/ros2_ws/install/turtlebot3_manipulation_gazebo:/workspace/ros2_ws/install/turtlebot3_gazebo:/workspace/ros2_ws/install/turtlebot3:/workspace/ros2_ws/install/turtlebot3_simulations:/workspace/ros2_ws/install/turtlebot3_bringup:/workspace/ros2_ws/install/turtlebot3_node:/workspace/ros2_ws/install/turtlebot3_navigation2:/workspace/ros2_ws/install/turtlebot3_description:/workspace/ros2_ws/install/turtlebot3_cartographer:/workspace/ros2_ws/install/turtlebot3_teleop:/workspace/ros2_ws/install/turtlebot3_example:/opt/ros/humble /usr/bin/cmake --install /workspace/ros2_ws/build/turtlebot3_simulations
