[1.259s] Invoking command in '/workspace/ros2_ws/src/maze_pkg': AMENT_PREFIX_PATH=/workspace/ros2_ws/install/turtlebot3_gazebo:${AMENT_PREFIX_PATH} CMAKE_PREFIX_PATH=/workspace/ros2_ws/install/turtlebot3_gazebo PYTHONPATH=/workspace/ros2_ws/build/maze_pkg/prefix_override:/usr/lib/python3/dist-packages/colcon_core/task/python/colcon_distutils_commands:/workspace/ros2_ws/install/maze_pkg/lib/python3.10/site-packages:${PYTHONPATH} /usr/bin/python3 -W ignore:setup.py install is deprecated -W ignore:easy_install command is deprecated setup.py egg_info --egg-base ../../build/maze_pkg build --build-base /workspace/ros2_ws/build/maze_pkg/build install --record /workspace/ros2_ws/build/maze_pkg/install.log --single-version-externally-managed install_data
[1.515s] running egg_info
[1.515s] creating ../../build/maze_pkg/maze_pkg.egg-info
[1.516s] writing ../../build/maze_pkg/maze_pkg.egg-info/PKG-INFO
[1.517s] writing dependency_links to ../../build/maze_pkg/maze_pkg.egg-info/dependency_links.txt
[1.517s] writing entry points to ../../build/maze_pkg/maze_pkg.egg-info/entry_points.txt
[1.517s] writing requirements to ../../build/maze_pkg/maze_pkg.egg-info/requires.txt
[1.517s] writing top-level names to ../../build/maze_pkg/maze_pkg.egg-info/top_level.txt
[1.517s] writing manifest file '../../build/maze_pkg/maze_pkg.egg-info/SOURCES.txt'
[1.519s] reading manifest file '../../build/maze_pkg/maze_pkg.egg-info/SOURCES.txt'
[1.519s] writing manifest file '../../build/maze_pkg/maze_pkg.egg-info/SOURCES.txt'
[1.520s] running build
[1.520s] running build_py
[1.520s] creating /workspace/ros2_ws/build/maze_pkg/build
[1.520s] creating /workspace/ros2_ws/build/maze_pkg/build/lib
[1.520s] creating /workspace/ros2_ws/build/maze_pkg/build/lib/maze_pkg
[1.520s] copying maze_pkg/res_maze.py -> /workspace/ros2_ws/build/maze_pkg/build/lib/maze_pkg
[1.520s] copying maze_pkg/__init__.py -> /workspace/ros2_ws/build/maze_pkg/build/lib/maze_pkg
[1.522s] running install
[1.522s] running install_lib
[1.522s] creating /workspace/ros2_ws/install/maze_pkg/lib/python3.10/site-packages/maze_pkg
[1.523s] copying /workspace/ros2_ws/build/maze_pkg/build/lib/maze_pkg/res_maze.py -> /workspace/ros2_ws/install/maze_pkg/lib/python3.10/site-packages/maze_pkg
[1.523s] copying /workspace/ros2_ws/build/maze_pkg/build/lib/maze_pkg/__init__.py -> /workspace/ros2_ws/install/maze_pkg/lib/python3.10/site-packages/maze_pkg
[1.523s] byte-compiling /workspace/ros2_ws/install/maze_pkg/lib/python3.10/site-packages/maze_pkg/res_maze.py to res_maze.cpython-310.pyc
[1.524s] byte-compiling /workspace/ros2_ws/install/maze_pkg/lib/python3.10/site-packages/maze_pkg/__init__.py to __init__.cpython-310.pyc
[1.525s] running install_data
[1.525s] creating /workspace/ros2_ws/install/maze_pkg/share/ament_index
[1.525s] creating /workspace/ros2_ws/install/maze_pkg/share/ament_index/resource_index
[1.525s] creating /workspace/ros2_ws/install/maze_pkg/share/ament_index/resource_index/packages
[1.526s] copying resource/maze_pkg -> /workspace/ros2_ws/install/maze_pkg/share/ament_index/resource_index/packages
[1.526s] copying package.xml -> /workspace/ros2_ws/install/maze_pkg/share/maze_pkg
[1.526s] creating /workspace/ros2_ws/install/maze_pkg/share/maze_pkg/launch
[1.526s] copying launch/maze_1.launch.py -> /workspace/ros2_ws/install/maze_pkg/share/maze_pkg/launch
[1.526s] copying launch/maze_2.launch.py -> /workspace/ros2_ws/install/maze_pkg/share/maze_pkg/launch
[1.526s] creating /workspace/ros2_ws/install/maze_pkg/share/maze_pkg/worlds
[1.528s] copying worlds/maze_2.world -> /workspace/ros2_ws/install/maze_pkg/share/maze_pkg/worlds
[1.528s] copying worlds/maze_1.world -> /workspace/ros2_ws/install/maze_pkg/share/maze_pkg/worlds
[1.528s] creating /workspace/ros2_ws/install/maze_pkg/share/maze_pkg/models
[1.528s] creating /workspace/ros2_ws/install/maze_pkg/share/maze_pkg/models/maze_2
[1.528s] copying models/maze_2/model.config -> /workspace/ros2_ws/install/maze_pkg/share/maze_pkg/models/maze_2
[1.528s] copying models/maze_2/model.sdf -> /workspace/ros2_ws/install/maze_pkg/share/maze_pkg/models/maze_2
[1.528s] creating /workspace/ros2_ws/install/maze_pkg/share/maze_pkg/models/maze_1
[1.529s] copying models/maze_1/model.config -> /workspace/ros2_ws/install/maze_pkg/share/maze_pkg/models/maze_1
[1.529s] copying models/maze_1/model.sdf -> /workspace/ros2_ws/install/maze_pkg/share/maze_pkg/models/maze_1
[1.529s] creating /workspace/ros2_ws/install/maze_pkg/share/maze_pkg/models/maze_1/maze_1
[1.529s] copying models/maze_1/maze_1/model.config -> /workspace/ros2_ws/install/maze_pkg/share/maze_pkg/models/maze_1/maze_1
[1.529s] copying models/maze_1/maze_1/model.sdf -> /workspace/ros2_ws/install/maze_pkg/share/maze_pkg/models/maze_1/maze_1
[1.529s] running install_egg_info
[1.529s] Copying ../../build/maze_pkg/maze_pkg.egg-info to /workspace/ros2_ws/install/maze_pkg/lib/python3.10/site-packages/maze_pkg-0.0.1-py3.10.egg-info
[1.530s] running install_scripts
[1.554s] Installing res_maze script to /workspace/ros2_ws/install/maze_pkg/lib/maze_pkg
[1.554s] writing list of installed files to '/workspace/ros2_ws/build/maze_pkg/install.log'
[1.577s] Invoked command in '/workspace/ros2_ws/src/maze_pkg' returned '0': AMENT_PREFIX_PATH=/workspace/ros2_ws/install/turtlebot3_gazebo:${AMENT_PREFIX_PATH} CMAKE_PREFIX_PATH=/workspace/ros2_ws/install/turtlebot3_gazebo PYTHONPATH=/workspace/ros2_ws/build/maze_pkg/prefix_override:/usr/lib/python3/dist-packages/colcon_core/task/python/colcon_distutils_commands:/workspace/ros2_ws/install/maze_pkg/lib/python3.10/site-packages:${PYTHONPATH} /usr/bin/python3 -W ignore:setup.py install is deprecated -W ignore:easy_install command is deprecated setup.py egg_info --egg-base ../../build/maze_pkg build --build-base /workspace/ros2_ws/build/maze_pkg/build install --record /workspace/ros2_ws/build/maze_pkg/install.log --single-version-externally-managed install_data
