[0.000000] (-) TimerEvent: {}
[0.003797] (-) JobUnselected: {'identifier': 'turtlebot3'}
[0.003872] (-) JobUnselected: {'identifier': 'turtlebot3_bringup'}
[0.003911] (-) JobUnselected: {'identifier': 'turtlebot3_cartographer'}
[0.003948] (-) JobUnselected: {'identifier': 'turtlebot3_description'}
[0.003979] (-) JobUnselected: {'identifier': 'turtlebot3_example'}
[0.004038] (-) JobUnselected: {'identifier': 'turtlebot3_fake_node'}
[0.004075] (-) JobUnselected: {'identifier': 'turtlebot3_gazebo'}
[0.004111] (-) JobUnselected: {'identifier': 'turtlebot3_manipulation_gazebo'}
[0.004149] (-) JobUnselected: {'identifier': 'turtlebot3_msgs'}
[0.004199] (-) JobUnselected: {'identifier': 'turtlebot3_navigation2'}
[0.004283] (-) JobUnselected: {'identifier': 'turtlebot3_node'}
[0.004310] (-) JobUnselected: {'identifier': 'turtlebot3_simulations'}
[0.004342] (-) JobUnselected: {'identifier': 'turtlebot3_teleop'}
[0.004376] (maze_pkg) JobQueued: {'identifier': 'maze_pkg', 'dependencies': OrderedDict([('turtlebot3_gazebo', '/workspace/ros2_ws/install/turtlebot3_gazebo')])}
[0.004418] (maze_pkg) JobStarted: {'identifier': 'maze_pkg'}
[0.099147] (-) TimerEvent: {}
[0.201752] (-) TimerEvent: {}
[0.302016] (-) TimerEvent: {}
[0.402377] (-) TimerEvent: {}
[0.505234] (-) TimerEvent: {}
[0.605730] (-) TimerEvent: {}
[0.707141] (-) TimerEvent: {}
[0.807456] (-) TimerEvent: {}
[0.909353] (-) TimerEvent: {}
[1.010460] (-) TimerEvent: {}
[1.110876] (-) TimerEvent: {}
[1.211457] (-) TimerEvent: {}
[1.312411] (-) TimerEvent: {}
[1.323032] (maze_pkg) Command: {'cmd': ['/usr/bin/python3', '-W', 'ignore:setup.py install is deprecated', '-W', 'ignore:easy_install command is deprecated', 'setup.py', 'egg_info', '--egg-base', '../../build/maze_pkg', 'build', '--build-base', '/workspace/ros2_ws/build/maze_pkg/build', 'install', '--record', '/workspace/ros2_ws/build/maze_pkg/install.log', '--single-version-externally-managed', 'install_data'], 'cwd': '/workspace/ros2_ws/src/maze_pkg', 'env': {'HOSTNAME': 'carlos', 'SHLVL': '0', 'LD_LIBRARY_PATH': '/usr/lib/x86_64-linux-gnu/gazebo-11/plugins:/opt/ros/humble/opt/rviz_ogre_vendor/lib:/opt/ros/humble/lib/x86_64-linux-gnu:/opt/ros/humble/lib', 'HOME': '/home/carlos-docker', 'OLDPWD': '/workspace', 'ROS_PYTHON_VERSION': '3', 'LC_CTYPE': 'C.UTF-8', 'ROS_DISTRO': 'humble', '_': '/usr/bin/colcon', 'ROS_VERSION': '2', 'TERM': 'xterm-256color', 'ROS_LOCALHOST_ONLY': '0', 'PATH': '/opt/ros/humble/bin:/usr/local/sbin:/usr/local/bin:/usr/sbin:/usr/bin:/sbin:/bin', 'DISPLAY': ':0', 'AMENT_PREFIX_PATH': '/workspace/ros2_ws/install/turtlebot3_gazebo:/opt/ros/humble', 'DEBIAN_FRONTEND': 'noninteractive', 'PWD': '/workspace/ros2_ws/build/maze_pkg', 'PYTHONPATH': '/workspace/ros2_ws/build/maze_pkg/prefix_override:/usr/lib/python3/dist-packages/colcon_core/task/python/colcon_distutils_commands:/workspace/ros2_ws/install/maze_pkg/lib/python3.10/site-packages:/opt/ros/humble/lib/python3.10/site-packages:/opt/ros/humble/local/lib/python3.10/dist-packages', 'TZ': 'Europe/Madrid', 'COLCON': '1', 'CMAKE_PREFIX_PATH': '/workspace/ros2_ws/install/turtlebot3_gazebo'}, 'shell': False}
[1.414341] (-) TimerEvent: {}
[1.514659] (-) TimerEvent: {}
[1.618625] (-) TimerEvent: {}
[1.723408] (-) TimerEvent: {}
[1.825182] (-) TimerEvent: {}
[1.831861] (maze_pkg) StdoutLine: {'line': b'running egg_info\n'}
[1.836670] (maze_pkg) StdoutLine: {'line': b'writing ../../build/maze_pkg/maze_pkg.egg-info/PKG-INFO\n'}
[1.836886] (maze_pkg) StdoutLine: {'line': b'writing dependency_links to ../../build/maze_pkg/maze_pkg.egg-info/dependency_links.txt\n'}
[1.837536] (maze_pkg) StdoutLine: {'line': b'writing entry points to ../../build/maze_pkg/maze_pkg.egg-info/entry_points.txt\n'}
[1.837627] (maze_pkg) StdoutLine: {'line': b'writing requirements to ../../build/maze_pkg/maze_pkg.egg-info/requires.txt\n'}
[1.837706] (maze_pkg) StdoutLine: {'line': b'writing top-level names to ../../build/maze_pkg/maze_pkg.egg-info/top_level.txt\n'}
[1.842707] (maze_pkg) StdoutLine: {'line': b"reading manifest file '../../build/maze_pkg/maze_pkg.egg-info/SOURCES.txt'\n"}
[1.845677] (maze_pkg) StdoutLine: {'line': b"writing manifest file '../../build/maze_pkg/maze_pkg.egg-info/SOURCES.txt'\n"}
[1.846620] (maze_pkg) StdoutLine: {'line': b'running build\n'}
[1.846800] (maze_pkg) StdoutLine: {'line': b'running build_py\n'}
[1.849652] (maze_pkg) StdoutLine: {'line': b'copying maze_pkg/res_maze.py -> /workspace/ros2_ws/build/maze_pkg/build/lib/maze_pkg\n'}
[1.850155] (maze_pkg) StdoutLine: {'line': b'running install\n'}
[1.850543] (maze_pkg) StdoutLine: {'line': b'running install_lib\n'}
[1.854110] (maze_pkg) StdoutLine: {'line': b'copying /workspace/ros2_ws/build/maze_pkg/build/lib/maze_pkg/res_maze.py -> /workspace/ros2_ws/install/maze_pkg/lib/python3.10/site-packages/maze_pkg\n'}
[1.857437] (maze_pkg) StdoutLine: {'line': b'byte-compiling /workspace/ros2_ws/install/maze_pkg/lib/python3.10/site-packages/maze_pkg/res_maze.py to res_maze.cpython-310.pyc\n'}
[1.862232] (maze_pkg) StdoutLine: {'line': b'running install_data\n'}
[1.866273] (maze_pkg) StdoutLine: {'line': b'running install_egg_info\n'}
[1.869934] (maze_pkg) StdoutLine: {'line': b"removing '/workspace/ros2_ws/install/maze_pkg/lib/python3.10/site-packages/maze_pkg-0.0.1-py3.10.egg-info' (and everything under it)\n"}
[1.871349] (maze_pkg) StdoutLine: {'line': b'Copying ../../build/maze_pkg/maze_pkg.egg-info to /workspace/ros2_ws/install/maze_pkg/lib/python3.10/site-packages/maze_pkg-0.0.1-py3.10.egg-info\n'}
[1.875344] (maze_pkg) StdoutLine: {'line': b'running install_scripts\n'}
[1.915363] (maze_pkg) StdoutLine: {'line': b'Installing res_maze script to /workspace/ros2_ws/install/maze_pkg/lib/maze_pkg\n'}
[1.917747] (maze_pkg) StdoutLine: {'line': b"writing list of installed files to '/workspace/ros2_ws/build/maze_pkg/install.log'\n"}
[1.925334] (-) TimerEvent: {}
[1.962932] (maze_pkg) CommandEnded: {'returncode': 0}
[1.989573] (maze_pkg) JobEnded: {'identifier': 'maze_pkg', 'rc': 0}
[1.990529] (-) EventReactorShutdown: {}
