[3.538s] Invoking command in '/workspace/ros2_ws/src/p3_pkg': PYTHONPATH=/workspace/ros2_ws/build/p3_pkg/prefix_override:/usr/lib/python3/dist-packages/colcon_core/task/python/colcon_distutils_commands:/workspace/ros2_ws/install/p3_pkg/lib/python3.10/site-packages:${PYTHONPATH} /usr/bin/python3 -W ignore:setup.py install is deprecated -W ignore:easy_install command is deprecated setup.py egg_info --egg-base ../../build/p3_pkg build --build-base /workspace/ros2_ws/build/p3_pkg/build install --record /workspace/ros2_ws/build/p3_pkg/install.log --single-version-externally-managed install_data
[4.721s] running egg_info
[4.750s] writing ../../build/p3_pkg/p3_pkg.egg-info/PKG-INFO
[4.750s] writing dependency_links to ../../build/p3_pkg/p3_pkg.egg-info/dependency_links.txt
[4.750s] writing entry points to ../../build/p3_pkg/p3_pkg.egg-info/entry_points.txt
[4.750s] writing requirements to ../../build/p3_pkg/p3_pkg.egg-info/requires.txt
[4.750s] writing top-level names to ../../build/p3_pkg/p3_pkg.egg-info/top_level.txt
[4.772s] reading manifest file '../../build/p3_pkg/p3_pkg.egg-info/SOURCES.txt'
[4.775s] writing manifest file '../../build/p3_pkg/p3_pkg.egg-info/SOURCES.txt'
[4.775s] running build
[4.776s] running build_py
[4.776s] copying p3_pkg/movimiento.py -> /workspace/ros2_ws/build/p3_pkg/build/lib/p3_pkg
[4.777s] running install
[4.778s] running install_lib
[4.780s] copying /workspace/ros2_ws/build/p3_pkg/build/lib/p3_pkg/movimiento.py -> /workspace/ros2_ws/install/p3_pkg/lib/python3.10/site-packages/p3_pkg
[4.782s] byte-compiling /workspace/ros2_ws/install/p3_pkg/lib/python3.10/site-packages/p3_pkg/movimiento.py to movimiento.cpython-310.pyc
[4.786s] running install_data
[4.788s] running install_egg_info
[4.793s]   File "/workspace/ros2_ws/install/p3_pkg/lib/python3.10/site-packages/p3_pkg/movimiento.py", line 1
[4.802s]     kkimport rclpy
[4.802s]              ^^^^^
[4.802s] SyntaxError: invalid syntax
[4.802s] 
[4.802s] removing '/workspace/ros2_ws/install/p3_pkg/lib/python3.10/site-packages/p3_pkg-0.0.0-py3.10.egg-info' (and everything under it)
[4.803s] Copying ../../build/p3_pkg/p3_pkg.egg-info to /workspace/ros2_ws/install/p3_pkg/lib/python3.10/site-packages/p3_pkg-0.0.0-py3.10.egg-info
[4.803s] running install_scripts
[4.863s] Installing dibuja_mov script to /workspace/ros2_ws/install/p3_pkg/lib/p3_pkg
[4.864s] Installing movimiento script to /workspace/ros2_ws/install/p3_pkg/lib/p3_pkg
[4.864s] writing list of installed files to '/workspace/ros2_ws/build/p3_pkg/install.log'
[4.980s] Invoked command in '/workspace/ros2_ws/src/p3_pkg' returned '0': PYTHONPATH=/workspace/ros2_ws/build/p3_pkg/prefix_override:/usr/lib/python3/dist-packages/colcon_core/task/python/colcon_distutils_commands:/workspace/ros2_ws/install/p3_pkg/lib/python3.10/site-packages:${PYTHONPATH} /usr/bin/python3 -W ignore:setup.py install is deprecated -W ignore:easy_install command is deprecated setup.py egg_info --egg-base ../../build/p3_pkg build --build-base /workspace/ros2_ws/build/p3_pkg/build install --record /workspace/ros2_ws/build/p3_pkg/install.log --single-version-externally-managed install_data
