[0.000000] (-) TimerEvent: {}
[0.000468] (-) JobUnselected: {'identifier': 'turtlebot3'}
[0.000511] (-) JobUnselected: {'identifier': 'turtlebot3_bringup'}
[0.000534] (-) JobUnselected: {'identifier': 'turtlebot3_cartographer'}
[0.000553] (-) JobUnselected: {'identifier': 'turtlebot3_description'}
[0.000573] (-) JobUnselected: {'identifier': 'turtlebot3_example'}
[0.000589] (-) JobUnselected: {'identifier': 'turtlebot3_fake_node'}
[0.000609] (-) JobUnselected: {'identifier': 'turtlebot3_gazebo'}
[0.000624] (-) JobUnselected: {'identifier': 'turtlebot3_manipulation_gazebo'}
[0.000644] (-) JobUnselected: {'identifier': 'turtlebot3_msgs'}
[0.000663] (-) JobUnselected: {'identifier': 'turtlebot3_navigation2'}
[0.000680] (-) JobUnselected: {'identifier': 'turtlebot3_node'}
[0.000699] (-) JobUnselected: {'identifier': 'turtlebot3_simulations'}
[0.000714] (-) JobUnselected: {'identifier': 'turtlebot3_teleop'}
[0.000736] (maze_pkg) JobQueued: {'identifier': 'maze_pkg', 'dependencies': OrderedDict([('turtlebot3_gazebo', '/workspace/ros2_ws/install/turtlebot3_gazebo')])}
[0.001642] (maze_pkg) JobStarted: {'identifier': 'maze_pkg'}
[0.097837] (-) TimerEvent: {}
[0.198370] (-) TimerEvent: {}
[0.299029] (-) TimerEvent: {}
[0.402538] (-) TimerEvent: {}
[0.502740] (-) TimerEvent: {}
[0.603987] (-) TimerEvent: {}
[0.705142] (-) TimerEvent: {}
[0.805355] (-) TimerEvent: {}
[0.906645] (-) TimerEvent: {}
[1.006960] (-) TimerEvent: {}
[1.108357] (-) TimerEvent: {}
[1.122479] (maze_pkg) Command: {'cmd': ['/usr/bin/python3', '-W', 'ignore:setup.py install is deprecated', '-W', 'ignore:easy_install command is deprecated', 'setup.py', 'egg_info', '--egg-base', '../../build/maze_pkg', 'build', '--build-base', '/workspace/ros2_ws/build/maze_pkg/build', 'install', '--record', '/workspace/ros2_ws/build/maze_pkg/install.log', '--single-version-externally-managed', 'install_data'], 'cwd': '/workspace/ros2_ws/src/maze_pkg', 'env': {'HOSTNAME': 'carlos', 'SHLVL': '0', 'LD_LIBRARY_PATH': '/usr/lib/x86_64-linux-gnu/gazebo-11/plugins:/opt/ros/humble/opt/rviz_ogre_vendor/lib:/opt/ros/humble/lib/x86_64-linux-gnu:/opt/ros/humble/lib', 'HOME': '/home/carlos-docker', 'OLDPWD': '/workspace', 'ROS_PYTHON_VERSION': '3', 'LC_CTYPE': 'C.UTF-8', 'ROS_DISTRO': 'humble', '_': '/usr/bin/colcon', 'ROS_VERSION': '2', 'TERM': 'xterm-256color', 'ROS_LOCALHOST_ONLY': '0', 'PATH': '/opt/ros/humble/bin:/usr/local/sbin:/usr/local/bin:/usr/sbin:/usr/bin:/sbin:/bin', 'DISPLAY': ':0', 'AMENT_PREFIX_PATH': '/workspace/ros2_ws/install/turtlebot3_gazebo:/opt/ros/humble', 'DEBIAN_FRONTEND': 'noninteractive', 'PWD': '/workspace/ros2_ws/build/maze_pkg', 'PYTHONPATH': '/workspace/ros2_ws/build/maze_pkg/prefix_override:/usr/lib/python3/dist-packages/colcon_core/task/python/colcon_distutils_commands:/workspace/ros2_ws/install/maze_pkg/lib/python3.10/site-packages:/opt/ros/humble/lib/python3.10/site-packages:/opt/ros/humble/local/lib/python3.10/dist-packages', 'TZ': 'Europe/Madrid', 'COLCON': '1', 'CMAKE_PREFIX_PATH': '/workspace/ros2_ws/install/turtlebot3_gazebo'}, 'shell': False}
[1.208482] (-) TimerEvent: {}
[1.308739] (-) TimerEvent: {}
[1.409139] (-) TimerEvent: {}
[1.509548] (-) TimerEvent: {}
[1.555055] (maze_pkg) StdoutLine: {'line': b'running egg_info\n'}
[1.559596] (maze_pkg) StdoutLine: {'line': b'writing ../../build/maze_pkg/maze_pkg.egg-info/PKG-INFO\n'}
[1.559784] (maze_pkg) StdoutLine: {'line': b'writing dependency_links to ../../build/maze_pkg/maze_pkg.egg-info/dependency_links.txt\n'}
[1.559932] (maze_pkg) StdoutLine: {'line': b'writing entry points to ../../build/maze_pkg/maze_pkg.egg-info/entry_points.txt\n'}
[1.560000] (maze_pkg) StdoutLine: {'line': b'writing requirements to ../../build/maze_pkg/maze_pkg.egg-info/requires.txt\n'}
[1.560056] (maze_pkg) StdoutLine: {'line': b'writing top-level names to ../../build/maze_pkg/maze_pkg.egg-info/top_level.txt\n'}
[1.561765] (maze_pkg) StdoutLine: {'line': b"reading manifest file '../../build/maze_pkg/maze_pkg.egg-info/SOURCES.txt'\n"}
[1.563544] (maze_pkg) StdoutLine: {'line': b"writing manifest file '../../build/maze_pkg/maze_pkg.egg-info/SOURCES.txt'\n"}
[1.563703] (maze_pkg) StdoutLine: {'line': b'running build\n'}
[1.563789] (maze_pkg) StdoutLine: {'line': b'running build_py\n'}
[1.564101] (maze_pkg) StdoutLine: {'line': b'copying maze_pkg/res_maze.py -> /workspace/ros2_ws/build/maze_pkg/build/lib/maze_pkg\n'}
[1.564265] (maze_pkg) StdoutLine: {'line': b'running install\n'}
[1.564958] (maze_pkg) StdoutLine: {'line': b'running install_lib\n'}
[1.568112] (maze_pkg) StdoutLine: {'line': b'copying /workspace/ros2_ws/build/maze_pkg/build/lib/maze_pkg/res_maze.py -> /workspace/ros2_ws/install/maze_pkg/lib/python3.10/site-packages/maze_pkg\n'}
[1.570005] (maze_pkg) StdoutLine: {'line': b'byte-compiling /workspace/ros2_ws/install/maze_pkg/lib/python3.10/site-packages/maze_pkg/res_maze.py to res_maze.cpython-310.pyc\n'}
[1.573635] (maze_pkg) StdoutLine: {'line': b'running install_data\n'}
[1.574923] (maze_pkg) StdoutLine: {'line': b'running install_egg_info\n'}
[1.577666] (maze_pkg) StdoutLine: {'line': b"removing '/workspace/ros2_ws/install/maze_pkg/lib/python3.10/site-packages/maze_pkg-0.0.1-py3.10.egg-info' (and everything under it)\n"}
[1.577821] (maze_pkg) StdoutLine: {'line': b'Copying ../../build/maze_pkg/maze_pkg.egg-info to /workspace/ros2_ws/install/maze_pkg/lib/python3.10/site-packages/maze_pkg-0.0.1-py3.10.egg-info\n'}
[1.579782] (maze_pkg) StdoutLine: {'line': b'running install_scripts\n'}
[1.609942] (-) TimerEvent: {}
[1.611968] (maze_pkg) StdoutLine: {'line': b'Installing res_maze script to /workspace/ros2_ws/install/maze_pkg/lib/maze_pkg\n'}
[1.614086] (maze_pkg) StdoutLine: {'line': b"writing list of installed files to '/workspace/ros2_ws/build/maze_pkg/install.log'\n"}
[1.641802] (maze_pkg) CommandEnded: {'returncode': 0}
[1.668732] (maze_pkg) JobEnded: {'identifier': 'maze_pkg', 'rc': 0}
[1.670151] (-) EventReactorShutdown: {}
