[13.946s] Invoking command in '/workspace/ros2_ws/src/p3_pkg': PYTHONPATH=/workspace/ros2_ws/build/p3_pkg/prefix_override:/usr/lib/python3/dist-packages/colcon_core/task/python/colcon_distutils_commands:/workspace/ros2_ws/install/p3_pkg/lib/python3.10/site-packages:${PYTHONPATH} /usr/bin/python3 -W ignore:setup.py install is deprecated -W ignore:easy_install command is deprecated setup.py egg_info --egg-base ../../build/p3_pkg build --build-base /workspace/ros2_ws/build/p3_pkg/build install --record /workspace/ros2_ws/build/p3_pkg/install.log --single-version-externally-managed install_data
[15.083s] running egg_info
[15.087s] creating ../../build/p3_pkg/p3_pkg.egg-info
[15.088s] writing ../../build/p3_pkg/p3_pkg.egg-info/PKG-INFO
[15.088s] writing dependency_links to ../../build/p3_pkg/p3_pkg.egg-info/dependency_links.txt
[15.088s] writing entry points to ../../build/p3_pkg/p3_pkg.egg-info/entry_points.txt
[15.089s] writing requirements to ../../build/p3_pkg/p3_pkg.egg-info/requires.txt
[15.089s] writing top-level names to ../../build/p3_pkg/p3_pkg.egg-info/top_level.txt
[15.095s] writing manifest file '../../build/p3_pkg/p3_pkg.egg-info/SOURCES.txt'
[15.101s] reading manifest file '../../build/p3_pkg/p3_pkg.egg-info/SOURCES.txt'
[15.102s] writing manifest file '../../build/p3_pkg/p3_pkg.egg-info/SOURCES.txt'
[15.107s] running build
[15.108s] running build_py
[15.108s] creating /workspace/ros2_ws/build/p3_pkg/build
[15.108s] creating /workspace/ros2_ws/build/p3_pkg/build/lib
[15.108s] creating /workspace/ros2_ws/build/p3_pkg/build/lib/p3_pkg
[15.109s] copying p3_pkg/movimiento.py -> /workspace/ros2_ws/build/p3_pkg/build/lib/p3_pkg
[15.109s] copying p3_pkg/dibuja_mov.py -> /workspace/ros2_ws/build/p3_pkg/build/lib/p3_pkg
[15.109s] copying p3_pkg/__init__.py -> /workspace/ros2_ws/build/p3_pkg/build/lib/p3_pkg
[15.111s] running install
[15.114s] running install_lib
[15.122s] creating /workspace/ros2_ws/install/p3_pkg/lib/python3.10/site-packages/p3_pkg
[15.122s] copying /workspace/ros2_ws/build/p3_pkg/build/lib/p3_pkg/movimiento.py -> /workspace/ros2_ws/install/p3_pkg/lib/python3.10/site-packages/p3_pkg
[15.122s] copying /workspace/ros2_ws/build/p3_pkg/build/lib/p3_pkg/dibuja_mov.py -> /workspace/ros2_ws/install/p3_pkg/lib/python3.10/site-packages/p3_pkg
[15.123s] copying /workspace/ros2_ws/build/p3_pkg/build/lib/p3_pkg/__init__.py -> /workspace/ros2_ws/install/p3_pkg/lib/python3.10/site-packages/p3_pkg
[15.124s] byte-compiling /workspace/ros2_ws/install/p3_pkg/lib/python3.10/site-packages/p3_pkg/movimiento.py to movimiento.cpython-310.pyc
[15.129s] byte-compiling /workspace/ros2_ws/install/p3_pkg/lib/python3.10/site-packages/p3_pkg/dibuja_mov.py to dibuja_mov.cpython-310.pyc
[15.178s] byte-compiling /workspace/ros2_ws/install/p3_pkg/lib/python3.10/site-packages/p3_pkg/__init__.py to __init__.cpython-310.pyc
[15.178s] running install_data
[15.178s] creating /workspace/ros2_ws/install/p3_pkg/share/ament_index
[15.178s] creating /workspace/ros2_ws/install/p3_pkg/share/ament_index/resource_index
[15.179s] creating /workspace/ros2_ws/install/p3_pkg/share/ament_index/resource_index/packages
[15.179s] copying resource/p3_pkg -> /workspace/ros2_ws/install/p3_pkg/share/ament_index/resource_index/packages
[15.179s] copying package.xml -> /workspace/ros2_ws/install/p3_pkg/share/p3_pkg
[15.179s] running install_egg_info
[15.179s] Copying ../../build/p3_pkg/p3_pkg.egg-info to /workspace/ros2_ws/install/p3_pkg/lib/python3.10/site-packages/p3_pkg-0.0.0-py3.10.egg-info
[15.179s] running install_scripts
[15.232s] Installing dibuja_mov script to /workspace/ros2_ws/install/p3_pkg/lib/p3_pkg
[15.246s] Installing movimiento script to /workspace/ros2_ws/install/p3_pkg/lib/p3_pkg
[15.246s] writing list of installed files to '/workspace/ros2_ws/build/p3_pkg/install.log'
[15.337s] Invoked command in '/workspace/ros2_ws/src/p3_pkg' returned '0': PYTHONPATH=/workspace/ros2_ws/build/p3_pkg/prefix_override:/usr/lib/python3/dist-packages/colcon_core/task/python/colcon_distutils_commands:/workspace/ros2_ws/install/p3_pkg/lib/python3.10/site-packages:${PYTHONPATH} /usr/bin/python3 -W ignore:setup.py install is deprecated -W ignore:easy_install command is deprecated setup.py egg_info --egg-base ../../build/p3_pkg build --build-base /workspace/ros2_ws/build/p3_pkg/build install --record /workspace/ros2_ws/build/p3_pkg/install.log --single-version-externally-managed install_data
