[3.197s] Invoking command in '/workspace/ros2_ws/src/p3_pkg': PYTHONPATH=/workspace/ros2_ws/build/p3_pkg/prefix_override:/usr/lib/python3/dist-packages/colcon_core/task/python/colcon_distutils_commands:/workspace/ros2_ws/install/p3_pkg/lib/python3.10/site-packages:${PYTHONPATH} /usr/bin/python3 -W ignore:setup.py install is deprecated -W ignore:easy_install command is deprecated setup.py egg_info --egg-base ../../build/p3_pkg build --build-base /workspace/ros2_ws/build/p3_pkg/build install --record /workspace/ros2_ws/build/p3_pkg/install.log --single-version-externally-managed install_data
[4.094s] running egg_info
[4.096s] writing ../../build/p3_pkg/p3_pkg.egg-info/PKG-INFO
[4.105s] writing dependency_links to ../../build/p3_pkg/p3_pkg.egg-info/dependency_links.txt
[4.106s] writing entry points to ../../build/p3_pkg/p3_pkg.egg-info/entry_points.txt
[4.106s] writing requirements to ../../build/p3_pkg/p3_pkg.egg-info/requires.txt
[4.112s] writing top-level names to ../../build/p3_pkg/p3_pkg.egg-info/top_level.txt
[4.118s] reading manifest file '../../build/p3_pkg/p3_pkg.egg-info/SOURCES.txt'
[4.127s] writing manifest file '../../build/p3_pkg/p3_pkg.egg-info/SOURCES.txt'
[4.139s] running build
[4.140s] running build_py
[4.141s] copying p3_pkg/movimiento.py -> /workspace/ros2_ws/build/p3_pkg/build/lib/p3_pkg
[4.143s] running install
[4.144s] running install_lib
[4.145s] copying /workspace/ros2_ws/build/p3_pkg/build/lib/p3_pkg/movimiento.py -> /workspace/ros2_ws/install/p3_pkg/lib/python3.10/site-packages/p3_pkg
[4.145s] byte-compiling /workspace/ros2_ws/install/p3_pkg/lib/python3.10/site-packages/p3_pkg/movimiento.py to movimiento.cpython-310.pyc
[4.150s] running install_data
[4.150s] running install_egg_info
[4.159s] removing '/workspace/ros2_ws/install/p3_pkg/lib/python3.10/site-packages/p3_pkg-0.0.0-py3.10.egg-info' (and everything under it)
[4.163s] Copying ../../build/p3_pkg/p3_pkg.egg-info to /workspace/ros2_ws/install/p3_pkg/lib/python3.10/site-packages/p3_pkg-0.0.0-py3.10.egg-info
[4.164s] running install_scripts
[4.244s] Installing dibuja_mov script to /workspace/ros2_ws/install/p3_pkg/lib/p3_pkg
[4.248s] Installing movimiento script to /workspace/ros2_ws/install/p3_pkg/lib/p3_pkg
[4.248s] writing list of installed files to '/workspace/ros2_ws/build/p3_pkg/install.log'
[4.377s] Invoked command in '/workspace/ros2_ws/src/p3_pkg' returned '0': PYTHONPATH=/workspace/ros2_ws/build/p3_pkg/prefix_override:/usr/lib/python3/dist-packages/colcon_core/task/python/colcon_distutils_commands:/workspace/ros2_ws/install/p3_pkg/lib/python3.10/site-packages:${PYTHONPATH} /usr/bin/python3 -W ignore:setup.py install is deprecated -W ignore:easy_install command is deprecated setup.py egg_info --egg-base ../../build/p3_pkg build --build-base /workspace/ros2_ws/build/p3_pkg/build install --record /workspace/ros2_ws/build/p3_pkg/install.log --single-version-externally-managed install_data
